Log file open, 05/31/15 12:26:50
LogInit:Display: Running engine for game: Project1
LogInit: Version: 4.7.6-2513093+++depot+UE4-Releases+4.7
LogInit: API Version: 2455222
LogInit: Compiled (64-bit): Apr 15 2015 12:09:54
LogInit: Compiled with Visual C++: 18.00.21005.01
LogInit: Build Configuration: Development
LogInit: Branch Name: ++depot+UE4-Releases+4.7
LogInit: Command line:  
LogInit: Base directory: C:/Program Files/Epic Games/4.7/Engine/Binaries/Win64/
LogInit: Rocket: 1
[2015.05.31-10.26.50:188][  0]LogTaskGraph: Started task graph with 3 named threads and 4 total threads.
[2015.05.31-10.26.50:240][  0]LogOnline:Warning: No default platform service specified for OnlineSubsystem
[2015.05.31-10.26.50:362][  0]LogInit: Presizing for 0 objects not considered by GC, pre-allocating 0 bytes.
[2015.05.31-10.26.50:379][  0]LogInit: Object subsystem initialized
[2015.05.31-10.26.50:381][  0]LogConsoleResponse:Warning: Skipping Unknown console variable: 'TranslucentSortAxis = (X=0.000000,Y=-1.000000,Z=0.000000)'
[2015.05.31-10.26.50:381][  0]LogConsoleResponse:Warning:   Found in ini file 'C:/Users/Tim/Documents/Unreal Projects/Project1/Saved/Config/Windows/Engine.ini', in section '[/Script/Engine.RendererSettings]'
[2015.05.31-10.26.50:381][  0]LogConsoleResponse:Warning: Skipping Unknown console variable: 'UIScaleRule = ShortestSide'
[2015.05.31-10.26.50:381][  0]LogConsoleResponse:Warning:   Found in ini file 'C:/Users/Tim/Documents/Unreal Projects/Project1/Saved/Config/Windows/Engine.ini', in section '[/Script/Engine.RendererSettings]'
[2015.05.31-10.26.50:381][  0]LogConsoleResponse:Warning: Skipping Unknown console variable: 'UIScaleCurve = (EditorCurveData=(Keys=),ExternalCurve=None)'
[2015.05.31-10.26.50:381][  0]LogConsoleResponse:Warning:   Found in ini file 'C:/Users/Tim/Documents/Unreal Projects/Project1/Saved/Config/Windows/Engine.ini', in section '[/Script/Engine.RendererSettings]'
[2015.05.31-10.26.50:382][  0]LogInit: Selected Device Profile: [Windows]
[2015.05.31-10.26.50:382][  0]LogInit: Applying CVar settings loaded from the selected device profile: [Windows]
[2015.05.31-10.26.50:418][  0]LogInit: Computer: TIM-PC
[2015.05.31-10.26.50:418][  0]LogInit: User: Tim
[2015.05.31-10.26.50:418][  0]LogInit: CPU Page size=4096, Cores=2
[2015.05.31-10.26.50:418][  0]LogInit: High frequency timer resolution =3.117207 MHz
[2015.05.31-10.26.50:418][  0]LogMemory: Memory total: Physical=9.9GB (10GB approx) Virtual=8192.0GB
[2015.05.31-10.26.50:419][  0]LogMemory: Platform Memory Stats for Windows
[2015.05.31-10.26.50:419][  0]LogMemory: Process Physical Memory: 47.11 MB used, 47.11 MB peak
[2015.05.31-10.26.50:419][  0]LogMemory: Process Virtual Memory: 27.07 MB used, 27.07 MB peak
[2015.05.31-10.26.50:419][  0]LogMemory: Physical Memory: 3100.68 MB used, 10167.08 MB total
[2015.05.31-10.26.50:419][  0]LogMemory: Virtual Memory: 280.89 MB used, 8388608.00 MB total
[2015.05.31-10.26.50:682][  0]LogD3D11RHI: Found D3D11 adapter 0: NVIDIA GeForce GTX 770 (Feature Level 11_0)
[2015.05.31-10.26.50:682][  0]LogD3D11RHI: Adapter has 4027MB of dedicated video memory, 0MB of dedicated system memory, and 4827MB of shared system memory, 1 output[s]
[2015.05.31-10.26.50:682][  0]LogD3D11RHI: Chosen D3D11 Adapter Id = 0
[2015.05.31-10.26.50:691][  0]LogRHI: Texture pool is 1361 MB (70% of 1945 MB)
[2015.05.31-10.26.50:705][  0]LogD3D11RHI: Async texture creation enabled
[2015.05.31-10.26.51:405][  0]LogTextLocalizationManager: The requested culture ('de_DE') has no localization data; falling back to 'en' for localization and internationalization data.
[2015.05.31-10.26.51:639][  0]LogTextLocalizationManager:Warning: Loading localization resources contain conflicting entries for (Namespace:UICommands, Key:Save_ToolTip):
Resource: (C:/Program Files/Epic Games/4.7/Engine/Content/Localization/Editor/en/Editor.locres) Hash: (-29098895) String: (Saves the current level to disk)
Resource: (C:/Program Files/Epic Games/4.7/Engine/Content/Localization/Engine/en/Engine.locres) Hash: (-1280300587) String: (Save selected data to vlog file)
[2015.05.31-10.26.51:639][  0]LogTextLocalizationManager:Warning: Loading localization resources contain conflicting entries for (Namespace:ContentBrowser, Key:ImportAssetToolTip):
Resource: (C:/Program Files/Epic Games/4.7/Engine/Content/Localization/Editor/en/Editor.locres) Hash: (-630476809) String: (Import to {0}...)
Resource: (C:/Program Files/Epic Games/4.7/Engine/Content/Localization/Editor/en/Editor.locres) Hash: (1271782899) String: (Imports an asset from file to this folder.)
[2015.05.31-10.26.51:770][  0]LogContentStreaming: Texture pool size is 0.000000MB
[2015.05.31-10.26.58:164][  0]LogTargetPlatformManager:Display: Building Assets For Windows
[2015.05.31-10.27.00:179][  0]LogTargetPlatformManager:Display: Building Assets For Windows
[2015.05.31-10.27.00:339][  0]LogDerivedDataCache:Display: Max Cache Size: 512 MB
[2015.05.31-10.27.00:787][  0]LogDerivedDataCache: Loaded boot cache 0.45s 39MB C:/Users/Tim/AppData/Local/UnrealEngine/4.7/DerivedDataCache/Boot.ddc.
[2015.05.31-10.27.00:787][  0]LogDerivedDataCache:Display: Loaded Boot cache: C:/Users/Tim/AppData/Local/UnrealEngine/4.7/DerivedDataCache/Boot.ddc
[2015.05.31-10.27.00:787][  0]LogDerivedDataCache: FDerivedDataBackendGraph:  Pak pak cache file ../../../../../../Users/Tim/Documents/Unreal Projects/Project1/DerivedDataCache/DDC.ddp not found, will not use a pak cache.
[2015.05.31-10.27.00:787][  0]LogDerivedDataCache: Unable to find inner node Pak for hierarchical cache Hierarchy.
[2015.05.31-10.27.01:053][  0]LogDerivedDataCache:Display: Pak cache opened for reading ../../../Engine/DerivedDataCache/Compressed.ddp.
[2015.05.31-10.27.01:065][  0]LogDerivedDataCache: Using Local data cache path C:/Users/Tim/AppData/Local/UnrealEngine/Common/DerivedDataCache: Writable
[2015.05.31-10.27.07:124][  0]LogMeshUtilities: No automatic mesh reduction module available
[2015.05.31-10.27.07:124][  0]LogMeshUtilities: No automatic mesh merging module available
[2015.05.31-10.27.08:643][  0]LogInit: WinSock: version 1.1 (2.2), MaxSocks=32767, MaxUdp=65467
[2015.05.31-10.27.09:065][  0]LogSlate:Warning: Failed to load font data from '../../../Engine/Content/Slate/Fonts/Roboto-Italic.ttf'
[2015.05.31-10.27.28:402][  0]UdpMessaging: Initializing bridge on interface 0.0.0.0:0 to multicast group 230.0.0.1:6666.
[2015.05.31-10.27.29:383][  0]SourceControl: Info Source control is disabled
[2015.05.31-10.27.29:383][  0]SourceControl: Info Source control is disabled
[2015.05.31-10.27.29:383][  0]SourceControl: Info Source control is disabled
[2015.05.31-10.27.29:383][  0]LogSourceControl: RunCommandInternalRaw: 'git version'
[2015.05.31-10.27.29:383][  0]LogSourceControl: RunCommandInternalRaw: ExecProcess ReturnCode=2 OutResults=''
[2015.05.31-10.27.29:408][  0]SourceControl: Info Source control is disabled
[2015.05.31-10.27.30:648][  0]LogObj: 24232 objects as part of root set at end of initial load.
[2015.05.31-10.27.30:648][  0]LogUObjectAllocator: 5137168 out of 0 bytes used by permanent object pool.
[2015.05.31-10.27.30:891][  0]LogEngine: Initializing Engine...
[2015.05.31-10.27.33:505][  0]LogInit: XAudio2 using 'Lautsprecher/Kopfhörer (Realtek High Definition Audio)' : 2 channels at 48 kHz using 16 bits per sample (channel mask 0x3)
[2015.05.31-10.27.33:526][  0]LogInit: FAudioDevice initialized.
[2015.05.31-10.27.33:661][  0]LogAIModule: Creating AISystem for world NewWorld
[2015.05.31-10.27.33:701][  0]LogDerivedDataCache: Saved boot cache 0.04s 39MB C:/Users/Tim/AppData/Local/UnrealEngine/4.7/DerivedDataCache/Boot.ddc.
[2015.05.31-10.27.33:718][  0]LogInit: Texture streaming: Enabled
[2015.05.31-10.27.34:368][  0]LogAnalytics: Creating configured Analytics provider AnalyticsET
[2015.05.31-10.27.34:368][  0]LogAnalytics: ET APIKey = Rocket.Release. APIServer = http://et2.epicgames.com/ET2/. AppVersion = 4.7.6-2513093+++depot+UE4-Releases+4.7
[2015.05.31-10.27.34:368][  0]LogAnalytics: ET APIKey = Rocket.Release. DataRouterUploadURL = https://datarouter-public-service-gamedev.ol.epicgames.net/datarouter/api/v1/public/data. AppVersion = 4.7.6-2513093+++depot+UE4-Releases+4.7
[2015.05.31-10.27.34:368][  0]LogAnalytics: SetUserId c5fd52a24d6850d1c633029fc9284b73|9f6f6a0632e64490ab8dba32aeb92367|02faca1b-0e02-495b-954f-51d2c87ed7d6
[2015.05.31-10.27.34:369][  0]LogAnalytics: AnalyticsET::StartSession [Rocket.Release]
[2015.05.31-10.27.34:778][  0]LogInit: Transaction tracking system initialized
[2015.05.31-10.27.35:982][  0]BlueprintLog: New page: Editor Load
[2015.05.31-10.27.36:099][  0]LogAssetRegistry: FAssetRegistry took 0.0102 seconds to start up
[2015.05.31-10.27.36:100][  0]LogDirectoryWatcher:Warning: Failed to begin reading directory changes for ../../../Engine/Plugins/Experimental/CharacterAI/Content/. Error: 0
[2015.05.31-10.27.38:448][  0]LogTargetPlatformManager:Display: Building Assets For Windows
[2015.05.31-10.27.39:390][  0]LogTargetPlatformManager:Display: Building Assets For Windows
[2015.05.31-10.27.41:672][  0]LogLinker:Warning: Can't find file '/Game/FirstPersonBP/FirstPersonOverview'
[2015.05.31-10.27.41:672][  0]LogLinker:Warning: Can't find file '/Game/FirstPersonBP/FirstPersonOverview'
[2015.05.31-10.27.41:672][  0]LogUObjectGlobals:Warning: Failed to find object 'Class /Game/FirstPersonBP/FirstPersonOverview.FirstPersonOverview_C'
[2015.05.31-10.27.42:164][  0]LogSlate:Warning: Failed to load font data from '../../../Engine/Content/Editor/Slate/Fonts/Roboto-Regular.ttf'
[2015.05.31-10.27.42:165][  0]LogSlate:Warning: Failed to load font data from '../../../Engine/Content/Editor/Slate/Fonts/Roboto-Bold.ttf'
[2015.05.31-10.27.42:273][  0]LogConsoleResponse:Display: 
[2015.05.31-10.27.44:679][  0]LogCook:Display: Done creating registry. It took  0.00s.
[2015.05.31-10.27.46:776][  0]SourceControl: Info Source control is disabled
[2015.05.31-10.32.28:194][  0]Cmd: MAP LOAD FILE="../../../../../../Users/Tim/Documents/Unreal Projects/Project1/Content/FirstPersonBP/Maps/FirstPersonExampleMap.umap" TEMPLATE=0 SHOWPROGRESS=1 FEATURELEVEL=3
[2015.05.31-10.32.28:196][  0]LightingResults: New page: Lighting Build
[2015.05.31-10.32.28:266][  0]MapCheck: New page: Map Check
[2015.05.31-10.32.28:267][  0]LightingResults: New page: Lighting Build
[2015.05.31-10.32.28:296][  0]LogParticles: Destroying 0 GPU particle simulations for FXSystem 0x0000000004086520
[2015.05.31-10.32.29:007][  0]LogLinker:Warning: Can't find file '/Game/FirstPersonBP/Meshes/Miene2'
[2015.05.31-10.32.29:008][  0]LogLinker:Warning: Can't find file for asset '/Game/FirstPersonBP/Meshes/Miene2' while loading ../../../../../../Users/Tim/Documents/Unreal Projects/Project1/Content/FirstPersonBP/Blueprints/Bergwerk.uasset.
[2015.05.31-10.32.29:008][  0]LoadErrors:Error: Error /Game/FirstPersonBP/Blueprints/Bergwerk : Can't find file for asset. /Game/FirstPersonBP/Meshes/Miene2
[2015.05.31-10.32.29:008][  0]LoadErrors:Error: Error Failed import for SceneComponent
[2015.05.31-10.32.29:009][  0]LogLinker:Warning: Can't find file '/Game/FirstPersonBP/Meshes/Miene2'
[2015.05.31-10.32.29:009][  0]LogLinker:Warning: Can't find file for asset '/Game/FirstPersonBP/Meshes/Miene2' while loading ../../../../../../Users/Tim/Documents/Unreal Projects/Project1/Content/FirstPersonBP/Blueprints/Bergwerk.uasset.
[2015.05.31-10.32.29:009][  0]LoadErrors:Error: Error /Game/FirstPersonBP/Blueprints/Bergwerk : Can't find file for asset. /Game/FirstPersonBP/Meshes/Miene2
[2015.05.31-10.32.29:026][  0]LogLinker:Warning: Can't find file '/Game/FirstPersonBP/Meshes/Miene2'
[2015.05.31-10.32.29:026][  0]LoadErrors: Info Failed to load /Game/FirstPersonBP/Blueprints/Baum.Baum_C Referenced by StaticMeshComponent_650
[2015.05.31-10.32.29:026][  0]LogLinker:Warning: Can't find file for asset '/Game/FirstPersonBP/Meshes/Miene2' while loading ../../../../../../Users/Tim/Documents/Unreal Projects/Project1/Content/FirstPersonBP/Blueprints/Baum.uasset.
[2015.05.31-10.32.29:027][  0]LoadErrors: Info Failed to load /Game/FirstPersonBP/Blueprints/Baum.Baum_C Referenced by StaticMeshComponent_650
[2015.05.31-10.32.29:027][  0]LoadErrors:Error: Error /Game/FirstPersonBP/Blueprints/Baum : Can't find file for asset. /Game/FirstPersonBP/Meshes/Miene2
[2015.05.31-10.32.29:236][  0]LogLinker:Warning: Can't find file '/Game/FirstPersonBP/Meshes/Miene2'
[2015.05.31-10.32.29:236][  0]LogLinker:Warning: Can't find file for asset '/Game/FirstPersonBP/Meshes/Miene2' while loading ../../../../../../Users/Tim/Documents/Unreal Projects/Project1/Content/FirstPersonBP/Blueprints/Baum.uasset.
[2015.05.31-10.32.29:237][  0]LoadErrors:Error: Error /Game/FirstPersonBP/Blueprints/Baum : Can't find file for asset. /Game/FirstPersonBP/Meshes/Miene2
[2015.05.31-10.32.29:237][  0]LogLinker:Warning: Can't find file '/Game/FirstPersonBP/Meshes/Miene2'
[2015.05.31-10.32.29:237][  0]LogLinker:Warning: Can't find file for asset '/Game/FirstPersonBP/Meshes/Miene2' while loading ../../../../../../Users/Tim/Documents/Unreal Projects/Project1/Content/FirstPersonBP/Blueprints/Baum.uasset.
[2015.05.31-10.32.29:238][  0]LoadErrors:Error: Error /Game/FirstPersonBP/Blueprints/Baum : Can't find file for asset. /Game/FirstPersonBP/Meshes/Miene2
[2015.05.31-10.32.29:347][  0]LogBlueprint:Warning: USimpleConstructionScript::FixupRootNodeParentReferences() - Couldn't find inherited parent component 'Scene' for 'StaticMesh' in BlueprintGeneratedClass 'REINST_Bergwerk_C_43' (it may have been removed)
[2015.05.31-10.32.29:347][  0]LogBlueprint:Warning: USimpleConstructionScript::FixupRootNodeParentReferences() - Couldn't find inherited parent component 'Scene' for 'Scene_0' in BlueprintGeneratedClass 'REINST_Bergwerk_C_43' (it may have been removed)
[2015.05.31-10.32.29:361][  0]LogBlueprint:Warning: ValidateTemplates '/Game/FirstPersonBP/Blueprints/Bergwerk.Bergwerk_C:InheritableComponentHandler': overriden template is invalid - component 'Scene' from '/Game/FirstPersonBP/Blueprints/Haeuser.Haeuser_C'
[2015.05.31-10.32.30:295][  0]LogBlueprint:Warning: USimpleConstructionScript::FixupRootNodeParentReferences() - Couldn't find inherited parent component 'Scene' for 'StaticMesh' in BlueprintGeneratedClass 'REINST_Bergwerk_C_69' (it may have been removed)
[2015.05.31-10.32.30:295][  0]LogBlueprint:Warning: USimpleConstructionScript::FixupRootNodeParentReferences() - Couldn't find inherited parent component 'Scene' for 'Scene_0' in BlueprintGeneratedClass 'REINST_Bergwerk_C_69' (it may have been removed)
[2015.05.31-10.32.31:705][  0]LoadErrors:Error: Error Failed import for SceneComponent
[2015.05.31-10.32.31:936][  0]LogBlueprint:Warning: USimpleConstructionScript::FixupRootNodeParentReferences() - Couldn't find inherited parent component 'Scene' for 'StaticMesh' in BlueprintGeneratedClass 'Bergwerk_C' (it may have been removed)
[2015.05.31-10.32.31:936][  0]LogBlueprint:Warning: USimpleConstructionScript::FixupRootNodeParentReferences() - Couldn't find inherited parent component 'Scene' for 'Scene_0' in BlueprintGeneratedClass 'Bergwerk_C' (it may have been removed)
[2015.05.31-10.32.33:111][  0]LogEditorServer: Finished looking for orphan Actors (0.000 secs)
[2015.05.31-10.32.34:548][  0]LogAIModule: Creating AISystem for world FirstPersonExampleMap
[2015.05.31-10.32.34:551][  0]Cmd: MAP CHECKDEP
[2015.05.31-10.32.34:551][  0]MapCheck: New page: FirstPersonExampleMap - May 31, 2015, 2:32:34 PM
[2015.05.31-10.32.34:858][  0]MapCheck: Info Map check complete: 0 Error(s), 0 Warning(s), took 306.751ms to complete.
[2015.05.31-10.32.34:858][  0]LogFileHelpers: Loading map 'FirstPersonExampleMap' took 6.663
[2015.05.31-10.32.35:197][  0]LogStats:Warning: MetaData mismatch. Did you assign a stat to two groups? New //STATGROUP_Threads//SplashScreenThread///Thread_1018_0///////STATCAT_Advanced//// old //STATGROUP_Threads//SplashScreenThread///Thread_6c8_0///////STATCAT_Advanced////
[2015.05.31-10.32.35:197][  0]LogCollectionManager: Loaded 0 collections in 0.003080 seconds
[2015.05.31-10.32.35:221][  0]LogContentBrowser: Native class hierarchy populated in 0.0239 seconds. Added 1696 classes and 261 folders.
[2015.05.31-10.32.35:350][  0]LogContentBrowser: Native class hierarchy updated for 'SceneOutliner' in 0.0073 seconds. Added 1 classes and 2 folders.
[2015.05.31-10.32.35:678][  0]LogCrashTracker: Crashtracker disabled due to settings.
[2015.05.31-10.32.35:681][  0]LogSlate:Warning: Failed to load font data from 'Veranda'
[2015.05.31-10.32.35:695][  0]LogUObjectGlobals:Warning: Failed to find object 'Class None.'
[2015.05.31-10.32.35:722][  0]LogLoad: Full Startup: 349.63 seconds (BP compile: 1.15 seconds)
[2015.05.31-10.32.35:770][  0]LogContentBrowser:Verbose: The content browser source was changed by the sources view to '/Game/FirstPersonBP/Blueprints'
[2015.05.31-10.32.36:008][  0]LogRenderer:Warning: Reallocating scene render targets to support 32x32 (Frame:2).
[2015.05.31-10.32.36:333][  0]LogRenderer:Warning: Reallocating scene render targets to support 1208x576 (Frame:3).
[2015.05.31-10.32.36:870][  7]LogAssetRegistry: Asset discovery search completed in 300.7794 seconds
[2015.05.31-10.34.06:402][249]LogRenderer:Warning: Reallocating scene render targets to support 1208x712 (Frame:3325).
[2015.05.31-10.34.17:821][928]LogContentBrowser:Verbose: The content browser source was changed by the sources view to '/Game/FirstPersonBP/Character'
[2015.05.31-10.34.19:002][  8]LogContentBrowser:Verbose: The content browser source was changed by the sources view to '/Game/FirstPersonBP/Maps'
[2015.05.31-10.34.21:088][136]LogContentBrowser:Verbose: The content browser source was changed by the sources view to '/Game/FirstPersonBP/Meshes'
[2015.05.31-10.34.48:700][412]LogFactory: FactoryCreateBinary: StaticMesh with FbxFactory (0 0 ../../../../../../Users/Tim/Documents/Unreal Projects/Project1/Modelle/Miene2.fbx)
[2015.05.31-10.34.48:710][412]LogFbx: ItemName: GlobalSettings, ItemCount : 1
[2015.05.31-10.34.48:711][412]LogFbx: ItemName: Geometry, ItemCount : 4
[2015.05.31-10.34.48:711][412]LogFbx: ItemName: Model, ItemCount : 4
[2015.05.31-10.34.48:711][412]LogFbx: ItemName: Material, ItemCount : 4
[2015.05.31-10.34.55:751][412]LogFbx: Loading FBX Scene from ../../../../../../Users/Tim/Documents/Unreal Projects/Project1/Modelle/Miene2.fbx
[2015.05.31-10.34.55:766][412]LogFbx: FBX Scene Loaded Succesfully
[2015.05.31-10.34.55:772][412]LogLinker:Warning: Can't find file '/Game/FirstPersonBP/Meshes/Material_003'
[2015.05.31-10.34.55:772][412]LogLinker:Warning: Can't find file '/Game/FirstPersonBP/Meshes/Material_003'
[2015.05.31-10.34.55:772][412]LogUObjectGlobals:Warning: Failed to find object 'MaterialInterface /Game/FirstPersonBP/Meshes/Material_003.Material_003'
[2015.05.31-10.34.55:790][412]LogMaterial: Missing cached shader map for material Material_003, compiling. 
[2015.05.31-10.34.55:840][412]LogFbx:Warning: Triangulating static mesh Text
[2015.05.31-10.34.56:159][412]LogLinker:Warning: Can't find file '/Game/FirstPersonBP/Meshes/Material_002'
[2015.05.31-10.34.56:159][412]LogLinker:Warning: Can't find file '/Game/FirstPersonBP/Meshes/Material_002'
[2015.05.31-10.34.56:160][412]LogUObjectGlobals:Warning: Failed to find object 'MaterialInterface /Game/FirstPersonBP/Meshes/Material_002.Material_002'
[2015.05.31-10.34.56:174][412]LogMaterial: Missing cached shader map for material Material_002, compiling. 
[2015.05.31-10.34.56:193][412]LogFbx:Warning: Triangulating static mesh Cube.001
[2015.05.31-10.34.56:251][412]LogLinker:Warning: Can't find file '/Game/FirstPersonBP/Meshes/Material_004'
[2015.05.31-10.34.56:251][412]LogLinker:Warning: Can't find file '/Game/FirstPersonBP/Meshes/Material_004'
[2015.05.31-10.34.56:251][412]LogUObjectGlobals:Warning: Failed to find object 'MaterialInterface /Game/FirstPersonBP/Meshes/Material_004.Material_004'
[2015.05.31-10.34.56:275][412]LogMaterial: Missing cached shader map for material Material_004, compiling. 
[2015.05.31-10.34.56:301][412]LogFbx:Warning: Triangulating static mesh Cylinder.013
[2015.05.31-10.34.56:346][412]LogLinker:Warning: Can't find file '/Game/FirstPersonBP/Meshes/Material_001'
[2015.05.31-10.34.56:346][412]LogLinker:Warning: Can't find file '/Game/FirstPersonBP/Meshes/Material_001'
[2015.05.31-10.34.56:346][412]LogUObjectGlobals:Warning: Failed to find object 'MaterialInterface /Game/FirstPersonBP/Meshes/Material_001.Material_001'
[2015.05.31-10.34.56:394][412]LogMaterial: Missing cached shader map for material Material_001, compiling. 
[2015.05.31-10.34.56:420][412]LogFbx:Warning: Triangulating static mesh Plane.001
[2015.05.31-10.34.56:529][412]LogFbx: == Initial material list:
[2015.05.31-10.34.56:529][412]LogFbx: 0: Material.003
[2015.05.31-10.34.56:529][412]LogFbx: 1: Material.002
[2015.05.31-10.34.56:529][412]LogFbx: 2: Material.004
[2015.05.31-10.34.56:529][412]LogFbx: 3: Material.001
[2015.05.31-10.34.56:529][412]LogFbx: == After sorting:
[2015.05.31-10.34.56:529][412]LogFbx: 0: Material.003
[2015.05.31-10.34.56:529][412]LogFbx: 1: Material.002
[2015.05.31-10.34.56:529][412]LogFbx: 2: Material.004
[2015.05.31-10.34.56:529][412]LogFbx: 3: Material.001
[2015.05.31-10.34.56:529][412]LogFbx: == Mapping table:
[2015.05.31-10.34.56:529][412]LogFbx:   sort 0 -> 0
[2015.05.31-10.34.56:529][412]LogFbx:   sort 1 -> 1
[2015.05.31-10.34.56:529][412]LogFbx:   sort 2 -> 2
[2015.05.31-10.34.56:529][412]LogFbx:   sort 3 -> 3
[2015.05.31-10.34.56:533][412]LogStaticMesh: Building static mesh Miene2...
[2015.05.31-10.34.56:622][412]LogStaticMesh: Built static mesh [88.523796ms] /Game/FirstPersonBP/Meshes/Miene2.Miene2
[2015.05.31-10.34.56:652][412]LogStaticMesh:Warning: Miene2 has degenerate tangent bases which will result in incorrect shading. 
[2015.05.31-10.34.59:776][412]LogContentBrowser:Verbose: The content browser source was changed by the sources view to 'None'
[2015.05.31-10.34.59:776][412]LogContentBrowser:Verbose: The content browser source was changed by the sources view to '/Game/FirstPersonBP/Meshes'
[2015.05.31-10.35.04:459][459]LogActorFactory: Actor Factory created Miene2
[2015.05.31-10.35.07:444][510]LogActorFactory: Actor Factory created Miene2
[2015.05.31-10.35.08:066][532]LogActorFactory: Actor Factory created Miene2
[2015.05.31-10.35.18:905][988]LogRenderer:Warning: Reallocating scene render targets to support 1432x928 (Frame:10004).
[2015.05.31-10.35.51:659][285]LogContentBrowser:Verbose: The content browser source was changed by the sources view to '/Game/FirstPersonBP/Meshes/Materials'
[2015.05.31-10.35.57:121][579]LogContentBrowser:Verbose: The content browser source was changed by the sources view to '/Game/FirstPersonBP/Character'
[2015.05.31-10.35.57:704][617]LogContentBrowser:Verbose: The content browser source was changed by the sources view to '/Game/FirstPersonBP/Blueprints'
[2015.05.31-10.36.27:027][718]BlueprintLog: New page: Compile Bergwerk
[2015.05.31-10.36.27:290][718]BlueprintEditorCompileResults: Info [0581.19] Compile of Bergwerk successful! [in 262 ms]
[2015.05.31-10.36.33:487][ 96]LogEditorViewport: Clicking on Actor (LMB): StaticMeshActor (Miene2)
[2015.05.31-10.36.33:752][106]Cmd: DELETE
[2015.05.31-10.36.33:752][106]Cmd: ACTOR DELETE
[2015.05.31-10.36.33:754][106]LogEditorActor: Deleted Actor: StaticMeshActor
[2015.05.31-10.36.33:813][106]LogEditorActor: Deleted 1 Actors (0.061 secs)
[2015.05.31-10.36.34:714][173]LogEditorViewport: Clicking on Actor (LMB): Bergwerk_C (Bergwerk2)
[2015.05.31-10.36.52:644][526]BlueprintLog: New page: Compile Haeuser
[2015.05.31-10.36.52:720][526]LogBlueprint:Warning: USimpleConstructionScript::FixupRootNodeParentReferences() - Couldn't find inherited parent component 'DefaultSceneRoot' for 'StaticMesh' in BlueprintGeneratedClass 'REINST_Bergwerk_C_136' (it may have been removed)
[2015.05.31-10.36.52:720][526]LogBlueprint:Warning: USimpleConstructionScript::FixupRootNodeParentReferences() - Couldn't find inherited parent component 'DefaultSceneRoot' for 'Scene_0' in BlueprintGeneratedClass 'REINST_Bergwerk_C_136' (it may have been removed)
[2015.05.31-10.36.52:922][526]LogParticles: Destroying 0 GPU particle simulations for FXSystem 0x000000004663B740
[2015.05.31-10.36.52:953][526]LogBlueprint:Warning: USimpleConstructionScript::FixupRootNodeParentReferences() - Couldn't find inherited parent component 'DefaultSceneRoot' for 'Cube' in BlueprintGeneratedClass 'REINST_Wohnhaus_C_140' (it may have been removed)
[2015.05.31-10.36.53:228][526]BlueprintEditorCompileResults: Info [0607.13] Compile of Haeuser successful! [in 583 ms]
[2015.05.31-10.36.54:946][678]Cmd: OBJ SAVEPACKAGE PACKAGE="/Game/FirstPersonBP/Blueprints/Haeuser" FILE="../../../../../../Users/Tim/Documents/Unreal Projects/Project1/Content/FirstPersonBP/Blueprints/Haeuser.uasset" SILENT=true
[2015.05.31-10.36.55:021][678]LogSavePackage: Save=42.090885ms
[2015.05.31-10.36.55:021][678]LogSavePackage: Moving '../../../../../../Users/Tim/Documents/Unreal Projects/Project1/Saved/HaeuserE6D73AD14B43D0E93E8CFB987ECE9737.tmp' to '../../../../../../Users/Tim/Documents/Unreal Projects/Project1/Content/FirstPersonBP/Blueprints/Haeuser.uasset'
[2015.05.31-10.37.04:391][549]BlueprintLog: New page: Compile Bergwerk
[2015.05.31-10.37.04:616][549]BlueprintEditorCompileResults: Info [0618.52] Compile of Bergwerk successful! [in 224 ms]
[2015.05.31-10.37.10:220][954]BlueprintLog: New page: Pre-PIE auto-recompile
[2015.05.31-10.37.10:234][954]LogPlayLevel: [PIE] Compiling FirstPersonCharacter before PIE...
[2015.05.31-10.37.10:684][954]LogPlayLevel: [PIE] Compiling Baum before PIE...
[2015.05.31-10.37.11:143][954]LogPlayLevel: [PIE] Compiling Bergwerk before PIE...
[2015.05.31-10.37.11:376][954]LogPlayLevel: [PIE] Compiling Wohnhaus before PIE...
[2015.05.31-10.37.11:539][954]LogPlayLevel: [PIE] Compiling LaubBaum_BP before PIE...
[2015.05.31-10.37.11:617][954]LogPlayLevel: [PIE] Compiling NadelBaum_BP before PIE...
[2015.05.31-10.37.11:788][954]LogPlayLevel: PIE:  Blueprint regeneration took 1568 ms (6 blueprints)
[2015.05.31-10.37.11:788][954]PIE: New page: PIE session: FirstPersonExampleMap (May 31, 2015, 2:37:11 PM)
[2015.05.31-10.37.11:837][954]LogPlayLevel: PIE: StaticDuplicateObject took: (0.047877s)
[2015.05.31-10.37.11:838][954]LogPlayLevel: PIE: World Init took: (0.001521s)
[2015.05.31-10.37.11:839][954]LogPlayLevel: PIE: Created PIE world by copying editor world from /Game/FirstPersonBP/Maps/FirstPersonExampleMap.FirstPersonExampleMap to /Game/FirstPersonBP/Maps/UEDPIE_0_FirstPersonExampleMap.FirstPersonExampleMap (0.049917s)
[2015.05.31-10.37.12:001][954]LogLinker:Warning: Can't find file '/Game/FirstPersonBP/Meshes/Miene2'
[2015.05.31-10.37.12:002][954]LogLinker:Warning: Can't find file for asset '/Game/FirstPersonBP/Meshes/Miene2' while loading ../../../../../../Users/Tim/Documents/Unreal Projects/Project1/Content/FirstPersonBP/Blueprints/Bergwerk.uasset.
[2015.05.31-10.37.12:002][954]LoadErrors:Error: Error Failed import for SceneComponent
[2015.05.31-10.37.12:003][954]LogLinker:Warning: Can't find file '/Game/FirstPersonBP/Meshes/Miene2'
[2015.05.31-10.37.12:003][954]LogLinker:Warning: Can't find file for asset '/Game/FirstPersonBP/Meshes/Miene2' while loading ../../../../../../Users/Tim/Documents/Unreal Projects/Project1/Content/FirstPersonBP/Blueprints/Bergwerk.uasset.
[2015.05.31-10.37.12:228][954]LogWorld: Game class is 'FirstPersonGameMode_C'
[2015.05.31-10.37.12:232][954]LogAIModule: Creating AISystem for world FirstPersonExampleMap
[2015.05.31-10.37.12:266][954]LogWorld: Bringing World /Game/FirstPersonBP/Maps/UEDPIE_0_FirstPersonExampleMap.FirstPersonExampleMap up for play (max tick rate 0) at 2015.05.31-12.37.12
[2015.05.31-10.37.12:269][954]LogWorld: Bringing up level for play took: 0.036812
[2015.05.31-10.37.12:272][954]PIE: Info Play in editor start time for /Game/FirstPersonBP/Maps/UEDPIE_0_FirstPersonExampleMap 1.85
[2015.05.31-10.37.24:048][747]LogParticles: Destroying 0 GPU particle simulations for FXSystem 0x000000000E07BF60
[2015.05.31-10.37.29:006][  9]LogEditorViewport: Clicking on Actor (LMB): Bergwerk_C (Bergwerk)
[2015.05.31-10.39.01:278][654]BlueprintLog: New page: Compile Haeuser
[2015.05.31-10.39.01:381][654]LogBlueprint:Warning: USimpleConstructionScript::FixupRootNodeParentReferences() - Couldn't find inherited parent component 'DefaultSceneRoot' for 'StaticMesh' in BlueprintGeneratedClass 'REINST_Bergwerk_C_200' (it may have been removed)
[2015.05.31-10.39.01:381][654]LogBlueprint:Warning: USimpleConstructionScript::FixupRootNodeParentReferences() - Couldn't find inherited parent component 'DefaultSceneRoot' for 'Scene_0' in BlueprintGeneratedClass 'REINST_Bergwerk_C_200' (it may have been removed)
[2015.05.31-10.39.01:403][654]LogBlueprint:Warning: ValidateTemplates '/Game/FirstPersonBP/Blueprints/Bergwerk.Bergwerk_C:InheritableComponentHandler': overriden template is invalid - component 'DefaultSceneRoot' from '/Game/FirstPersonBP/Blueprints/Haeuser.Haeuser_C'
[2015.05.31-10.39.01:486][654]LogBlueprint:Warning: USimpleConstructionScript::FixupRootNodeParentReferences() - Couldn't find inherited parent component 'DefaultSceneRoot' for 'StaticMesh' in BlueprintGeneratedClass 'Bergwerk_C' (it may have been removed)
[2015.05.31-10.39.01:486][654]LogBlueprint:Warning: USimpleConstructionScript::FixupRootNodeParentReferences() - Couldn't find inherited parent component 'DefaultSceneRoot' for 'Scene_0' in BlueprintGeneratedClass 'Bergwerk_C' (it may have been removed)
[2015.05.31-10.39.01:666][654]LogBlueprint:Warning: CreateOverridenComponentTemplate '/Game/FirstPersonBP/Blueprints/Bergwerk.Bergwerk_C:InheritableComponentHandler': cannot find archetype for component 'DefaultSceneRoot' from '/Game/FirstPersonBP/Blueprints/Haeuser.Haeuser_C'
[2015.05.31-10.39.01:685][654]LogBlueprint:Warning: USimpleConstructionScript::FixupRootNodeParentReferences() - Couldn't find inherited parent component 'DefaultSceneRoot' for 'Cube' in BlueprintGeneratedClass 'REINST_Wohnhaus_C_204' (it may have been removed)
[2015.05.31-10.39.01:757][654]LogBlueprint:Warning: USimpleConstructionScript::FixupRootNodeParentReferences() - Couldn't find inherited parent component 'DefaultSceneRoot' for 'Cube' in BlueprintGeneratedClass 'Wohnhaus_C' (it may have been removed)
[2015.05.31-10.39.01:996][654]BlueprintEditorCompileResults: Info [0735.90] Compile of Haeuser successful! [in 718 ms]
[2015.05.31-10.39.21:821][427]LogSavePackage: Save=9935.167969ms
[2015.05.31-10.39.21:822][427]LogSavePackage: Moving '../../../../../../Users/Tim/Documents/Unreal Projects/Project1/Saved/FirstPersonExampleMap064714354D124511E3852ABAD634AFDD.tmp' to '../../../../../../Users/Tim/Documents/Unreal Projects/Project1/Content/FirstPersonBP/Maps/FirstPersonExampleMap.umap'
[2015.05.31-10.39.24:440][599]Cmd: OBJ SAVEPACKAGE PACKAGE="/Game/FirstPersonBP/Blueprints/Haeuser" FILE="../../../../../../Users/Tim/Documents/Unreal Projects/Project1/Content/FirstPersonBP/Blueprints/Haeuser.uasset" SILENT=true
[2015.05.31-10.39.24:479][599]LogSavePackage: Save=23.686268ms
[2015.05.31-10.39.24:479][599]LogSavePackage: Moving '../../../../../../Users/Tim/Documents/Unreal Projects/Project1/Saved/Haeuser5329EEDA48EA0559E5A01E98C69EC5D1.tmp' to '../../../../../../Users/Tim/Documents/Unreal Projects/Project1/Content/FirstPersonBP/Blueprints/Haeuser.uasset'
[2015.05.31-10.39.26:700][841]Cmd: OBJ SAVEPACKAGE PACKAGE="/Game/FirstPersonBP/Meshes/Miene2" FILE="../../../../../../Users/Tim/Documents/Unreal Projects/Project1/Content/FirstPersonBP/Meshes/Miene2.uasset" SILENT=true
[2015.05.31-10.39.26:980][841]LogSavePackage: Save=277.374573ms
[2015.05.31-10.39.26:980][841]LogSavePackage: Moving '../../../../../../Users/Tim/Documents/Unreal Projects/Project1/Saved/Miene28F2BDF6D4BB4062BC6C0C0B2BAFED0FE.tmp' to '../../../../../../Users/Tim/Documents/Unreal Projects/Project1/Content/FirstPersonBP/Meshes/Miene2.uasset'
[2015.05.31-10.39.28:478][992]Cmd: OBJ SAVEPACKAGE PACKAGE="/Game/FirstPersonBP/Blueprints/Bergwerk" FILE="../../../../../../Users/Tim/Documents/Unreal Projects/Project1/Content/FirstPersonBP/Blueprints/Bergwerk.uasset" SILENT=true
[2015.05.31-10.39.28:919][992]LogSavePackage: Save=422.900360ms
[2015.05.31-10.39.28:919][992]LogSavePackage: Moving '../../../../../../Users/Tim/Documents/Unreal Projects/Project1/Saved/BergwerkDED941984B7A7CB74456F0BBE9D1545F.tmp' to '../../../../../../Users/Tim/Documents/Unreal Projects/Project1/Content/FirstPersonBP/Blueprints/Bergwerk.uasset'
[2015.05.31-10.39.59:690][912]LogEditorTransaction: Undo Replace component used material
[2015.05.31-10.40.00:156][920]LogEditorTransaction: Undo Replace component used material
[2015.05.31-10.40.09:086][680]BlueprintLog: New page: Compile Bergwerk
[2015.05.31-10.40.09:316][680]BlueprintEditorCompileResults: Info [0803.22] Compile of Bergwerk successful! [in 230 ms]
[2015.05.31-10.40.10:104][757]Cmd: OBJ SAVEPACKAGE PACKAGE="/Game/FirstPersonBP/Blueprints/Bergwerk" FILE="../../../../../../Users/Tim/Documents/Unreal Projects/Project1/Content/FirstPersonBP/Blueprints/Bergwerk.uasset" SILENT=true
[2015.05.31-10.40.10:536][757]LogSavePackage: Save=414.555389ms
[2015.05.31-10.40.10:536][757]LogSavePackage: Moving '../../../../../../Users/Tim/Documents/Unreal Projects/Project1/Saved/Bergwerk2650CF814274100B35FEF8AFCDB2D70D.tmp' to '../../../../../../Users/Tim/Documents/Unreal Projects/Project1/Content/FirstPersonBP/Blueprints/Bergwerk.uasset'
[2015.05.31-10.40.14:606][175]BlueprintLog: New page: Compile Haeuser
[2015.05.31-10.40.14:684][175]LogBlueprint:Warning: USimpleConstructionScript::FixupRootNodeParentReferences() - Couldn't find inherited parent component 'haus' for 'StaticMesh' in BlueprintGeneratedClass 'REINST_Bergwerk_C_232' (it may have been removed)
[2015.05.31-10.40.14:684][175]LogBlueprint:Warning: USimpleConstructionScript::FixupRootNodeParentReferences() - Couldn't find inherited parent component 'haus' for 'Scene_0' in BlueprintGeneratedClass 'REINST_Bergwerk_C_232' (it may have been removed)
[2015.05.31-10.40.14:863][175]LogParticles: Destroying 0 GPU particle simulations for FXSystem 0x00000000141E3D80
[2015.05.31-10.40.15:186][175]BlueprintEditorCompileResults: Info [0809.09] Compile of Haeuser successful! [in 579 ms]
[2015.05.31-10.40.15:762][234]Cmd: OBJ SAVEPACKAGE PACKAGE="/Game/FirstPersonBP/Blueprints/Haeuser" FILE="../../../../../../Users/Tim/Documents/Unreal Projects/Project1/Content/FirstPersonBP/Blueprints/Haeuser.uasset" SILENT=true
[2015.05.31-10.40.15:803][234]LogSavePackage: Save=21.933416ms
[2015.05.31-10.40.15:803][234]LogSavePackage: Moving '../../../../../../Users/Tim/Documents/Unreal Projects/Project1/Saved/Haeuser7651451343D19CDAB748AEB412F37746.tmp' to '../../../../../../Users/Tim/Documents/Unreal Projects/Project1/Content/FirstPersonBP/Blueprints/Haeuser.uasset'
[2015.05.31-10.40.28:257][431]LogSavePackage: Save=9823.616211ms
[2015.05.31-10.40.28:257][431]LogSavePackage: Moving '../../../../../../Users/Tim/Documents/Unreal Projects/Project1/Saved/FirstPersonExampleMapAE442AD34909A6511E3AAB83AA3D6C60.tmp' to '../../../../../../Users/Tim/Documents/Unreal Projects/Project1/Content/FirstPersonBP/Maps/FirstPersonExampleMap.umap'
[2015.05.31-10.40.48:991][397]LogSavePackage: Save=29.385921ms
[2015.05.31-10.40.48:991][397]LogSavePackage: Moving '../../../../../../Users/Tim/Documents/Unreal Projects/Project1/Saved/LaubBaum_BP976176D04DF28792F7C94AB416956F67.tmp' to '../../../../../../Users/Tim/Documents/Unreal Projects/Project1/Content/FirstPersonBP/Blueprints/LaubBaum_BP.uasset'
[2015.05.31-10.40.49:051][397]Cmd: OBJ SAVEPACKAGE PACKAGE="/Game/FirstPersonBP/Meshes/Material_001" FILE="../../../../../../Users/Tim/Documents/Unreal Projects/Project1/Content/FirstPersonBP/Meshes/Material_001.uasset" SILENT=true
[2015.05.31-10.40.49:460][397]LogSavePackage: Save=405.484467ms
[2015.05.31-10.40.49:460][397]LogSavePackage: Moving '../../../../../../Users/Tim/Documents/Unreal Projects/Project1/Saved/Material_001940BECA74B48B8971178478F08D051B5.tmp' to '../../../../../../Users/Tim/Documents/Unreal Projects/Project1/Content/FirstPersonBP/Meshes/Material_001.uasset'
[2015.05.31-10.40.49:508][397]Cmd: OBJ SAVEPACKAGE PACKAGE="/Game/FirstPersonBP/Meshes/Material_002" FILE="../../../../../../Users/Tim/Documents/Unreal Projects/Project1/Content/FirstPersonBP/Meshes/Material_002.uasset" SILENT=true
[2015.05.31-10.40.49:967][397]LogSavePackage: Save=455.978394ms
[2015.05.31-10.40.49:967][397]LogSavePackage: Moving '../../../../../../Users/Tim/Documents/Unreal Projects/Project1/Saved/Material_002E08829B24B1C5D2E06EAD881A96D6F17.tmp' to '../../../../../../Users/Tim/Documents/Unreal Projects/Project1/Content/FirstPersonBP/Meshes/Material_002.uasset'
[2015.05.31-10.40.50:009][397]Cmd: OBJ SAVEPACKAGE PACKAGE="/Game/FirstPersonBP/Meshes/Material_003" FILE="../../../../../../Users/Tim/Documents/Unreal Projects/Project1/Content/FirstPersonBP/Meshes/Material_003.uasset" SILENT=true
[2015.05.31-10.40.50:422][397]LogSavePackage: Save=408.975739ms
[2015.05.31-10.40.50:422][397]LogSavePackage: Moving '../../../../../../Users/Tim/Documents/Unreal Projects/Project1/Saved/Material_003EFB27B5C4A636D04321A8D84346F7756.tmp' to '../../../../../../Users/Tim/Documents/Unreal Projects/Project1/Content/FirstPersonBP/Meshes/Material_003.uasset'
[2015.05.31-10.40.50:471][397]Cmd: OBJ SAVEPACKAGE PACKAGE="/Game/FirstPersonBP/Meshes/Material_004" FILE="../../../../../../Users/Tim/Documents/Unreal Projects/Project1/Content/FirstPersonBP/Meshes/Material_004.uasset" SILENT=true
[2015.05.31-10.40.50:855][397]LogSavePackage: Save=380.230133ms
[2015.05.31-10.40.50:855][397]LogSavePackage: Moving '../../../../../../Users/Tim/Documents/Unreal Projects/Project1/Saved/Material_0042072B1AF43B15C9311B269A8E151F111.tmp' to '../../../../../../Users/Tim/Documents/Unreal Projects/Project1/Content/FirstPersonBP/Meshes/Material_004.uasset'
[2015.05.31-10.40.51:653][398]Cmd: QUIT_EDITOR
[2015.05.31-10.40.51:978][398]LogExit: Preparing to exit.
[2015.05.31-10.40.52:671][398]LogExit: Editor shut down
[2015.05.31-10.40.52:672][398]LogExit: Transaction tracking system shut down
[2015.05.31-10.40.52:674][398]LogParticles: Destroying 0 GPU particle simulations for FXSystem 0x000000001ACDBA60
[2015.05.31-10.40.52:675][398]LogParticles: Destroying 0 GPU particle simulations for FXSystem 0x000000001C1202C0
[2015.05.31-10.40.52:675][398]LogParticles: Destroying 0 GPU particle simulations for FXSystem 0x000000000B04E660
[2015.05.31-10.40.52:675][398]LogParticles: Destroying 0 GPU particle simulations for FXSystem 0x000000000471FF60
[2015.05.31-10.40.52:676][398]LogParticles: Destroying 0 GPU particle simulations for FXSystem 0x000000000B04C2C0
[2015.05.31-10.40.52:678][398]LogParticles: Destroying 0 GPU particle simulations for FXSystem 0x00000000476CB2E0
[2015.05.31-10.40.52:679][398]LogParticles: Destroying 0 GPU particle simulations for FXSystem 0x00000000469FC2C0
[2015.05.31-10.40.52:679][398]LogParticles: Destroying 0 GPU particle simulations for FXSystem 0x0000000012267E20
[2015.05.31-10.40.53:036][398]LogExit: Object subsystem successfully closed.
[2015.05.31-10.40.53:121][398]LogModuleManager: Shutting down and abandoning module StaticMeshEditor (178)
[2015.05.31-10.40.53:121][398]LogModuleManager: Shutting down and abandoning module CrashTracker (177)
[2015.05.31-10.40.53:121][398]LogModuleManager: Shutting down and abandoning module SuperSearch (176)
[2015.05.31-10.40.53:121][398]LogModuleManager: Shutting down and abandoning module SceneOutliner (175)
[2015.05.31-10.40.53:121][398]LogModuleManager: Shutting down and abandoning module EditorWidgets (174)
[2015.05.31-10.40.53:121][398]LogModuleManager: Shutting down and abandoning module CollectionManager (173)
[2015.05.31-10.40.53:121][398]LogModuleManager: Shutting down and abandoning module StatsViewer (172)
[2015.05.31-10.40.53:121][398]LogModuleManager: Shutting down and abandoning module FoliageEdit (171)
[2015.05.31-10.40.53:121][398]LogModuleManager: Shutting down and abandoning module LandscapeEditor (170)
[2015.05.31-10.40.53:121][398]LogModuleManager: Shutting down and abandoning module MeshPaint (169)
[2015.05.31-10.40.53:121][398]LogModuleManager: Shutting down and abandoning module ActorPickerMode (168)
[2015.05.31-10.40.53:121][398]LogModuleManager: Shutting down and abandoning module GeometryMode (167)
[2015.05.31-10.40.53:121][398]LogModuleManager: Shutting down and abandoning module TextureAlignMode (166)
[2015.05.31-10.40.53:121][398]LogModuleManager: Shutting down and abandoning module BspMode (165)
[2015.05.31-10.40.53:121][398]LogModuleManager: Shutting down and abandoning module PlacementMode (164)
[2015.05.31-10.40.53:121][398]LogModuleManager: Shutting down and abandoning module AutomationWorker (163)
[2015.05.31-10.40.53:121][398]LogModuleManager: Shutting down and abandoning module CharacterAI (162)
[2015.05.31-10.40.53:122][398]LogModuleManager: Shutting down and abandoning module SmartSnapping (161)
[2015.05.31-10.40.53:122][398]LogModuleManager: Shutting down and abandoning module ViewportSnapping (160)
[2015.05.31-10.40.53:122][398]LogModuleManager: Shutting down and abandoning module LogVisualizer (159)
[2015.05.31-10.40.53:122][398]LogModuleManager: Shutting down and abandoning module GameProjectGeneration (158)
[2015.05.31-10.40.53:122][398]LogModuleManager: Shutting down and abandoning module IntroTutorials (157)
[2015.05.31-10.40.53:122][398]LogModuleManager: Shutting down and abandoning module EditorLiveStreaming (156)
[2015.05.31-10.40.53:122][398]LogModuleManager: Shutting down and abandoning module HardwareTargeting (155)
[2015.05.31-10.40.53:122][398]LogModuleManager: Shutting down and abandoning module DeviceProfileEditor (154)
[2015.05.31-10.40.53:122][398]LogModuleManager: Shutting down and abandoning module UndoHistory (153)
[2015.05.31-10.40.53:122][398]LogModuleManager: Shutting down and abandoning module GameplayTagsEditor (152)
[2015.05.31-10.40.53:122][398]LogModuleManager: Shutting down and abandoning module UserFeedback (151)
[2015.05.31-10.40.53:122][398]LogModuleManager: Shutting down and abandoning module XmlParser (150)
[2015.05.31-10.40.53:122][398]LogModuleManager: Shutting down and abandoning module Blutility (149)
[2015.05.31-10.40.53:122][398]LogModuleManager: Shutting down and abandoning module IOSPlatformEditor (148)
[2015.05.31-10.40.53:122][398]LogModuleManager: Shutting down and abandoning module IOSRuntimeSettings (147)
[2015.05.31-10.40.53:122][398]LogModuleManager: Shutting down and abandoning module AndroidDeviceDetection (146)
[2015.05.31-10.40.54:060][398]LogModuleManager: Shutting down and abandoning module AndroidPlatformEditor (145)
[2015.05.31-10.40.54:060][398]LogModuleManager: Shutting down and abandoning module AndroidRuntimeSettings (144)
[2015.05.31-10.40.54:060][398]LogModuleManager: Shutting down and abandoning module ProjectTargetPlatformEditor (143)
[2015.05.31-10.40.54:060][398]LogModuleManager: Shutting down and abandoning module ProjectSettingsViewer (142)
[2015.05.31-10.40.54:060][398]LogModuleManager: Shutting down and abandoning module InputBindingEditor (141)
[2015.05.31-10.40.54:060][398]LogModuleManager: Shutting down and abandoning module EditorSettingsViewer (140)
[2015.05.31-10.40.54:060][398]LogModuleManager: Shutting down and abandoning module SettingsEditor (139)
[2015.05.31-10.40.54:060][398]LogModuleManager: Shutting down and abandoning module ProjectLauncher (138)
[2015.05.31-10.40.54:060][398]LogModuleManager: Shutting down and abandoning module SessionFrontend (137)
[2015.05.31-10.40.54:060][398]LogModuleManager: Shutting down and abandoning module ProfilerClient (136)
[2015.05.31-10.40.54:060][398]LogModuleManager: Shutting down and abandoning module TargetDeviceServices (135)
[2015.05.31-10.40.54:060][398]LogModuleManager: Shutting down and abandoning module DeviceManager (134)
[2015.05.31-10.40.54:061][398]LogModuleManager: Shutting down and abandoning module AutomationController (133)
[2015.05.31-10.40.54:061][398]LogModuleManager: Shutting down and abandoning module AutomationWindow (132)
[2015.05.31-10.40.54:061][398]LogModuleManager: Shutting down and abandoning module Layers (131)
[2015.05.31-10.40.54:061][398]LogModuleManager: Shutting down and abandoning module ComponentVisualizers (130)
[2015.05.31-10.40.54:061][398]LogModuleManager: Shutting down and abandoning module DetailCustomizations (129)
[2015.05.31-10.40.54:061][398]LogModuleManager: Shutting down and abandoning module PackagesDialog (128)
[2015.05.31-10.40.54:061][398]LogModuleManager: Shutting down and abandoning module AssetRegistry (127)
[2015.05.31-10.40.54:112][398]LogModuleManager: Shutting down and abandoning module Persona (126)
[2015.05.31-10.40.54:112][398]LogModuleManager: Shutting down and abandoning module SlateReflector (125)
[2015.05.31-10.40.54:113][398]LogModuleManager: Shutting down and abandoning module LevelEditor (124)
[2015.05.31-10.40.54:114][398]LogModuleManager: Shutting down and abandoning module Kismet (123)
[2015.05.31-10.40.54:114][398]LogModuleManager: Shutting down and abandoning module GraphEditor (122)
[2015.05.31-10.40.54:114][398]LogModuleManager: Shutting down and abandoning module ClassViewer (121)
[2015.05.31-10.40.54:114][398]LogModuleManager: Shutting down and abandoning module Toolbox (120)
[2015.05.31-10.40.54:114][398]LogModuleManager: Shutting down and abandoning module ModuleUI (119)
[2015.05.31-10.40.54:114][398]LogModuleManager: Shutting down and abandoning module MovieSceneTools (118)
[2015.05.31-10.40.54:114][398]LogModuleManager: Shutting down and abandoning module OutputLog (117)
[2015.05.31-10.40.54:114][398]LogModuleManager: Shutting down and abandoning module GammaUI (116)
[2015.05.31-10.40.54:115][398]LogModuleManager: Shutting down and abandoning module Documentation (115)
[2015.05.31-10.40.54:115][398]LogModuleManager: Shutting down and abandoning module GameLiveStreaming (114)
[2015.05.31-10.40.54:115][398]LogModuleManager: Shutting down and abandoning module StreamingPauseRendering (113)
[2015.05.31-10.40.54:115][398]LogModuleManager: Shutting down and abandoning module HTTP (112)
[2015.05.31-10.40.54:115][398]LogModuleManager: Shutting down and abandoning module AnalyticsET (111)
[2015.05.31-10.40.54:115][398]LogModuleManager: Shutting down and abandoning module Analytics (110)
[2015.05.31-10.40.54:115][398]LogModuleManager: Shutting down and abandoning module AITestSuite (109)
[2015.05.31-10.40.54:115][398]LogModuleManager: Shutting down and abandoning module GameplayDebugger (108)
[2015.05.31-10.40.54:115][398]LogModuleManager: Shutting down and abandoning module AIModule (107)
[2015.05.31-10.40.54:115][398]LogModuleManager: Shutting down and abandoning module ProfilerService (106)
[2015.05.31-10.40.54:291][398]LogModuleManager: Shutting down and abandoning module TaskGraph (105)
[2015.05.31-10.40.54:291][398]LogModuleManager: Shutting down and abandoning module SlateRemote (104)
[2015.05.31-10.40.54:291][398]LogModuleManager: Shutting down and abandoning module ScriptEditorPlugin (103)
[2015.05.31-10.40.54:291][398]LogModuleManager: Shutting down and abandoning module CustomMeshComponent (102)
[2015.05.31-10.40.54:291][398]LogModuleManager: Shutting down and abandoning module CableComponent (101)
[2015.05.31-10.40.54:291][398]LogModuleManager: Shutting down and abandoning module MessagingDebugger (100)
[2015.05.31-10.40.54:291][398]LogModuleManager: Shutting down and abandoning module MediaPlayerEditor (99)
[2015.05.31-10.40.54:291][398]LogModuleManager: Shutting down and abandoning module SpeedTreeImporter (98)
[2015.05.31-10.40.54:291][398]LogModuleManager: Shutting down and abandoning module PluginsEditor (97)
[2015.05.31-10.40.54:291][398]LogModuleManager: Shutting down and abandoning module MainFrame (96)
[2015.05.31-10.40.54:291][398]LogModuleManager: Shutting down and abandoning module EpicSurvey (95)
[2015.05.31-10.40.54:291][398]LogModuleManager: Shutting down and abandoning module DesktopPlatform (94)
[2015.05.31-10.40.54:291][398]LogModuleManager: Shutting down and abandoning module DirectoryWatcher (93)
[2015.05.31-10.40.54:292][398]LogModuleManager: Shutting down and abandoning module HotReload (92)
[2015.05.31-10.40.54:292][398]LogModuleManager: Shutting down and abandoning module VisualStudioSourceCodeAccess (91)
[2015.05.31-10.40.54:292][398]LogModuleManager: Shutting down and abandoning module UObjectPlugin (90)
[2015.05.31-10.40.54:292][398]LogModuleManager: Shutting down and abandoning module SubversionSourceControl (89)
[2015.05.31-10.40.54:292][398]LogModuleManager: Shutting down and abandoning module PerforceSourceControl (88)
[2015.05.31-10.40.54:292][398]LogModuleManager: Shutting down and abandoning module SourceControl (87)
[2015.05.31-10.40.54:292][398]LogModuleManager: Shutting down and abandoning module GitSourceControl (86)
[2015.05.31-10.40.54:292][398]LogModuleManager: Shutting down and abandoning module BlankPlugin (85)
[2015.05.31-10.40.54:292][398]LogModuleManager: Shutting down and abandoning module PaperTiledImporter (84)
[2015.05.31-10.40.54:292][398]LogModuleManager: Shutting down and abandoning module PaperJsonImporter (83)
[2015.05.31-10.40.54:292][398]LogModuleManager: Shutting down and abandoning module ContentBrowser (82)
[2015.05.31-10.40.54:293][398]LogModuleManager: Shutting down and abandoning module Paper2DEditor (81)
[2015.05.31-10.40.54:293][398]LogModuleManager: Shutting down and abandoning module ScriptPlugin (80)
[2015.05.31-10.40.54:293][398]LogModuleManager: Shutting down and abandoning module UdpMessaging (79)
[2015.05.31-10.40.54:393][398]LogModuleManager: Shutting down and abandoning module Paper2D (78)
[2015.05.31-10.40.54:393][398]LogModuleManager: Shutting down and abandoning module WindowsMoviePlayer (77)
[2015.05.31-10.40.54:397][398]LogModuleManager: Shutting down and abandoning module Media (76)
[2015.05.31-10.40.54:397][398]LogModuleManager: Shutting down and abandoning module WmfMedia (75)
[2015.05.31-10.40.54:405][398]LogModuleManager: Shutting down and abandoning module OnlineBlueprintSupport (74)
[2015.05.31-10.40.54:405][398]LogModuleManager: Shutting down and abandoning module PropertyEditor (73)
[2015.05.31-10.40.54:405][398]LogModuleManager: Shutting down and abandoning module BehaviorTreeEditor (72)
[2015.05.31-10.40.54:405][398]LogModuleManager: Shutting down and abandoning module FunctionalTesting (71)
[2015.05.31-10.40.54:405][398]LogModuleManager: Shutting down and abandoning module CollisionAnalyzer (70)
[2015.05.31-10.40.54:405][398]LogModuleManager: Shutting down and abandoning module WorkspaceMenuStructure (69)
[2015.05.31-10.40.54:405][398]LogModuleManager: Shutting down and abandoning module MessageLog (68)
[2015.05.31-10.40.54:405][398]LogModuleManager: Shutting down and abandoning module Sequencer (67)
[2015.05.31-10.40.54:405][398]LogModuleManager: Shutting down and abandoning module AssetTools (66)
[2015.05.31-10.40.54:406][398]LogModuleManager: Shutting down and abandoning module UMGEditor (65)
[2015.05.31-10.40.54:406][398]LogModuleManager: Shutting down and abandoning module UMG (64)
[2015.05.31-10.40.54:406][398]LogModuleManager: Shutting down and abandoning module Slate (63)
[2015.05.31-10.40.54:406][398]LogModuleManager: Shutting down and abandoning module EditorStyle (62)
[2015.05.31-10.40.54:414][398]LogModuleManager: Shutting down and abandoning module SessionServices (61)
[2015.05.31-10.40.54:414][398]LogModuleManager: Shutting down and abandoning module SourceCodeAccess (60)
[2015.05.31-10.40.54:414][398]LogModuleManager: Shutting down and abandoning module HeadMountedDisplay (59)
[2015.05.31-10.40.54:414][398]LogModuleManager: Shutting down and abandoning module XAudio2 (58)
[2015.05.31-10.40.54:414][398]LogModuleManager: Shutting down and abandoning module Networking (56)
[2015.05.31-10.40.54:414][398]LogModuleManager: Shutting down and abandoning module Core (55)
[2015.05.31-10.40.54:414][398]LogModuleManager: Shutting down and abandoning module KismetCompiler (54)
[2015.05.31-10.40.54:414][398]LogModuleManager: Shutting down and abandoning module PhysXFormats (53)
[2015.05.31-10.40.54:414][398]LogModuleManager: Shutting down and abandoning module MeshUtilities (52)
[2015.05.31-10.40.54:414][398]LogModuleManager: Shutting down and abandoning module DerivedDataCache (51)
[2015.05.31-10.40.54:485][398]LogDerivedDataCache: Shutdown
[2015.05.31-10.40.54:485][398]LogModuleManager: Shutting down and abandoning module ShaderFormatOpenGL (50)
[2015.05.31-10.40.54:485][398]LogModuleManager: Shutting down and abandoning module ShaderFormatD3D (49)
[2015.05.31-10.40.54:485][398]LogModuleManager: Shutting down and abandoning module MetalShaderFormat (48)
[2015.05.31-10.40.54:485][398]LogModuleManager: Shutting down and abandoning module TextureFormatUncompressed (47)
[2015.05.31-10.40.54:485][398]LogModuleManager: Shutting down and abandoning module TextureFormatPVR (46)
[2015.05.31-10.40.54:485][398]LogModuleManager: Shutting down and abandoning module TextureFormatIntelISPCTexComp (45)
[2015.05.31-10.40.54:485][398]LogModuleManager: Shutting down and abandoning module TextureFormatDXT (44)
[2015.05.31-10.40.54:485][398]LogModuleManager: Shutting down and abandoning module ImageWrapper (43)
[2015.05.31-10.40.54:485][398]LogModuleManager: Shutting down and abandoning module TextureFormatASTC (42)
[2015.05.31-10.40.54:485][398]LogModuleManager: Shutting down and abandoning module TextureFormatAndroid (41)
[2015.05.31-10.40.54:485][398]LogModuleManager: Shutting down and abandoning module AudioFormatOpus (40)
[2015.05.31-10.40.54:485][398]LogModuleManager: Shutting down and abandoning module AudioFormatOgg (39)
[2015.05.31-10.40.54:485][398]LogModuleManager: Shutting down and abandoning module AudioFormatADPCM (38)
[2015.05.31-10.40.54:485][398]LogModuleManager: Shutting down and abandoning module LinuxTargetPlatform (37)
[2015.05.31-10.40.54:485][398]LogModuleManager: Shutting down and abandoning module LinuxServerTargetPlatform (36)
[2015.05.31-10.40.54:485][398]LogModuleManager: Shutting down and abandoning module LinuxNoEditorTargetPlatform (35)
[2015.05.31-10.40.54:485][398]LogModuleManager: Shutting down and abandoning module Messaging (34)
[2015.05.31-10.40.54:485][398]LogModuleManager: Shutting down and abandoning module IOSTargetPlatform (33)
[2015.05.31-10.40.54:485][398]LogModuleManager: Shutting down and abandoning module HTML5TargetPlatform (32)
[2015.05.31-10.40.54:485][398]LogModuleManager: Shutting down and abandoning module Android_PVRTCTargetPlatform (31)
[2015.05.31-10.40.54:485][398]LogModuleManager: Shutting down and abandoning module Android_ETC2TargetPlatform (30)
[2015.05.31-10.40.54:485][398]LogModuleManager: Shutting down and abandoning module Android_ETC1TargetPlatform (29)
[2015.05.31-10.40.54:485][398]LogModuleManager: Shutting down and abandoning module Android_ES31TargetPlatform (28)
[2015.05.31-10.40.54:485][398]LogModuleManager: Shutting down and abandoning module Android_DXTTargetPlatform (27)
[2015.05.31-10.40.54:485][398]LogModuleManager: Shutting down and abandoning module Android_ATCTargetPlatform (26)
[2015.05.31-10.40.54:485][398]LogModuleManager: Shutting down and abandoning module AndroidTargetPlatform (25)
[2015.05.31-10.40.54:485][398]LogModuleManager: Shutting down and abandoning module WindowsTargetPlatform (24)
[2015.05.31-10.40.54:485][398]LogModuleManager: Shutting down and abandoning module WindowsServerTargetPlatform (23)
[2015.05.31-10.40.54:485][398]LogModuleManager: Shutting down and abandoning module WindowsNoEditorTargetPlatform (22)
[2015.05.31-10.40.54:485][398]LogModuleManager: Shutting down and abandoning module WindowsClientTargetPlatform (21)
[2015.05.31-10.40.54:485][398]LogModuleManager: Shutting down and abandoning module TargetPlatform (20)
[2015.05.31-10.40.54:485][398]LogModuleManager: Shutting down and abandoning module InputCore (19)
[2015.05.31-10.40.54:485][398]LogModuleManager: Shutting down and abandoning module Settings (18)
[2015.05.31-10.40.54:486][398]LogModuleManager: Shutting down and abandoning module OnlineSubsystem (16)
[2015.05.31-10.40.54:486][398]LogModuleManager: Shutting down and abandoning module OculusRift (15)
[2015.05.31-10.40.54:486][398]LogModuleManager: Shutting down and abandoning module ExampleDeviceProfileSelector (14)
[2015.05.31-10.40.54:486][398]LogModuleManager: Shutting down and abandoning module TextureCompressor (13)
[2015.05.31-10.40.54:486][398]LogModuleManager: Shutting down and abandoning module ShaderCore (12)
[2015.05.31-10.40.54:486][398]LogModuleManager: Shutting down and abandoning module Landscape (11)
[2015.05.31-10.40.54:486][398]LogModuleManager: Shutting down and abandoning module SlateRHIRenderer (10)
[2015.05.31-10.40.54:492][398]LogModuleManager: Shutting down and abandoning module OpenGLDrv (9)
[2015.05.31-10.40.54:492][398]LogModuleManager: Shutting down and abandoning module D3D11RHI (8)
[2015.05.31-10.40.54:492][398]LogModuleManager: Shutting down and abandoning module Renderer (7)
[2015.05.31-10.40.54:492][398]LogModuleManager: Shutting down and abandoning module Engine (6)
[2015.05.31-10.40.54:492][398]LogModuleManager: Shutting down and abandoning module CoreUObject (5)
[2015.05.31-10.40.54:492][398]LogModuleManager: Shutting down and abandoning module NetworkFile (4)
[2015.05.31-10.40.54:492][398]LogModuleManager: Shutting down and abandoning module StreamingFile (3)
[2015.05.31-10.40.54:492][398]LogModuleManager: Shutting down and abandoning module SandboxFile (2)
[2015.05.31-10.40.54:492][398]LogModuleManager: Shutting down and abandoning module PakFile (1)
[2015.05.31-10.40.54:493][398]LogExit: Exiting.
[2015.05.31-10.40.54:524][398]Log file closed, 05/31/15 12:40:54
