<<<<<<< HEAD
﻿Log file open, 05/31/15 12:46:17
=======
﻿Log file open, 05/31/15 12:22:27
>>>>>>> origin/master
LogInit:Display: Running engine for game: Project1
LogInit: Version: 4.7.6-2513093+++depot+UE4-Releases+4.7
LogInit: API Version: 2455222
LogInit: Compiled (64-bit): Apr 15 2015 12:09:54
LogInit: Compiled with Visual C++: 18.00.21005.01
LogInit: Build Configuration: Development
LogInit: Branch Name: ++depot+UE4-Releases+4.7
LogInit: Command line:  
LogInit: Base directory: C:/Users/Lukas/Desktop/Epic Games/4.7/Engine/Binaries/Win64/
LogInit: Rocket: 1
<<<<<<< HEAD
[2015.05.31-10.46.17:199][  0]LogTaskGraph: Started task graph with 3 named threads and 4 total threads.
[2015.05.31-10.46.17:263][  0]LogOnline:Warning: No default platform service specified for OnlineSubsystem
[2015.05.31-10.46.17:359][  0]LogInit: Presizing for 0 objects not considered by GC, pre-allocating 0 bytes.
[2015.05.31-10.46.17:382][  0]LogInit: Object subsystem initialized
[2015.05.31-10.46.17:385][  0]LogConsoleResponse:Warning: Skipping Unknown console variable: 'TranslucentSortAxis = (X=0.000000,Y=-1.000000,Z=0.000000)'
[2015.05.31-10.46.17:386][  0]LogConsoleResponse:Warning:   Found in ini file 'C:/Users/Tim/Documents/Unreal Projects/Project1/Saved/Config/Windows/Engine.ini', in section '[/Script/Engine.RendererSettings]'
[2015.05.31-10.46.17:386][  0]LogConsoleResponse:Warning: Skipping Unknown console variable: 'UIScaleRule = ShortestSide'
[2015.05.31-10.46.17:386][  0]LogConsoleResponse:Warning:   Found in ini file 'C:/Users/Tim/Documents/Unreal Projects/Project1/Saved/Config/Windows/Engine.ini', in section '[/Script/Engine.RendererSettings]'
[2015.05.31-10.46.17:386][  0]LogConsoleResponse:Warning: Skipping Unknown console variable: 'UIScaleCurve = (EditorCurveData=(Keys=),ExternalCurve=None)'
[2015.05.31-10.46.17:386][  0]LogConsoleResponse:Warning:   Found in ini file 'C:/Users/Tim/Documents/Unreal Projects/Project1/Saved/Config/Windows/Engine.ini', in section '[/Script/Engine.RendererSettings]'
[2015.05.31-10.46.17:387][  0]LogInit: Selected Device Profile: [Windows]
[2015.05.31-10.46.17:387][  0]LogInit: Applying CVar settings loaded from the selected device profile: [Windows]
[2015.05.31-10.46.17:421][  0]LogInit: Computer: TIM-PC
[2015.05.31-10.46.17:421][  0]LogInit: User: Tim
[2015.05.31-10.46.17:421][  0]LogInit: CPU Page size=4096, Cores=2
[2015.05.31-10.46.17:421][  0]LogInit: High frequency timer resolution =3.117207 MHz
[2015.05.31-10.46.17:421][  0]LogMemory: Memory total: Physical=9.9GB (10GB approx) Virtual=8192.0GB
[2015.05.31-10.46.17:422][  0]LogMemory: Platform Memory Stats for Windows
[2015.05.31-10.46.17:422][  0]LogMemory: Process Physical Memory: 46.79 MB used, 46.79 MB peak
[2015.05.31-10.46.17:422][  0]LogMemory: Process Virtual Memory: 23.05 MB used, 23.05 MB peak
[2015.05.31-10.46.17:422][  0]LogMemory: Physical Memory: 3501.33 MB used, 10167.08 MB total
[2015.05.31-10.46.17:422][  0]LogMemory: Virtual Memory: 276.89 MB used, 8388608.00 MB total
[2015.05.31-10.46.17:580][  0]LogD3D11RHI: Found D3D11 adapter 0: NVIDIA GeForce GTX 770 (Feature Level 11_0)
[2015.05.31-10.46.17:581][  0]LogD3D11RHI: Adapter has 4027MB of dedicated video memory, 0MB of dedicated system memory, and 4827MB of shared system memory, 1 output[s]
[2015.05.31-10.46.17:581][  0]LogD3D11RHI: Chosen D3D11 Adapter Id = 0
[2015.05.31-10.46.17:592][  0]LogRHI: Texture pool is 1361 MB (70% of 1945 MB)
[2015.05.31-10.46.17:610][  0]LogD3D11RHI: Async texture creation enabled
[2015.05.31-10.46.17:898][  0]LogTextLocalizationManager: The requested culture ('de_DE') has no localization data; falling back to 'en' for localization and internationalization data.
[2015.05.31-10.46.18:030][  0]LogTextLocalizationManager:Warning: Loading localization resources contain conflicting entries for (Namespace:UICommands, Key:Save_ToolTip):
Resource: (C:/Program Files/Epic Games/4.7/Engine/Content/Localization/Editor/en/Editor.locres) Hash: (-29098895) String: (Saves the current level to disk)
Resource: (C:/Program Files/Epic Games/4.7/Engine/Content/Localization/Engine/en/Engine.locres) Hash: (-1280300587) String: (Save selected data to vlog file)
[2015.05.31-10.46.18:031][  0]LogTextLocalizationManager:Warning: Loading localization resources contain conflicting entries for (Namespace:ContentBrowser, Key:ImportAssetToolTip):
Resource: (C:/Program Files/Epic Games/4.7/Engine/Content/Localization/Editor/en/Editor.locres) Hash: (-630476809) String: (Import to {0}...)
Resource: (C:/Program Files/Epic Games/4.7/Engine/Content/Localization/Editor/en/Editor.locres) Hash: (1271782899) String: (Imports an asset from file to this folder.)
[2015.05.31-10.46.18:158][  0]LogContentStreaming: Texture pool size is 0.000000MB
[2015.05.31-10.46.22:528][  0]LogTargetPlatformManager:Display: Building Assets For Windows
[2015.05.31-10.46.23:603][  0]LogTargetPlatformManager:Display: Building Assets For Windows
[2015.05.31-10.46.23:750][  0]LogDerivedDataCache:Display: Max Cache Size: 512 MB
[2015.05.31-10.46.23:822][  0]LogDerivedDataCache: Loaded boot cache 0.07s 39MB C:/Users/Tim/AppData/Local/UnrealEngine/4.7/DerivedDataCache/Boot.ddc.
[2015.05.31-10.46.23:822][  0]LogDerivedDataCache:Display: Loaded Boot cache: C:/Users/Tim/AppData/Local/UnrealEngine/4.7/DerivedDataCache/Boot.ddc
[2015.05.31-10.46.23:823][  0]LogDerivedDataCache: FDerivedDataBackendGraph:  Pak pak cache file ../../../../../../Users/Tim/Documents/Unreal Projects/Project1/DerivedDataCache/DDC.ddp not found, will not use a pak cache.
[2015.05.31-10.46.23:823][  0]LogDerivedDataCache: Unable to find inner node Pak for hierarchical cache Hierarchy.
[2015.05.31-10.46.24:002][  0]LogDerivedDataCache:Display: Pak cache opened for reading ../../../Engine/DerivedDataCache/Compressed.ddp.
[2015.05.31-10.46.24:014][  0]LogDerivedDataCache: Using Local data cache path C:/Users/Tim/AppData/Local/UnrealEngine/Common/DerivedDataCache: Writable
[2015.05.31-10.46.24:572][  0]LogMeshUtilities: No automatic mesh reduction module available
[2015.05.31-10.46.24:572][  0]LogMeshUtilities: No automatic mesh merging module available
[2015.05.31-10.46.25:193][  0]LogInit: WinSock: version 1.1 (2.2), MaxSocks=32767, MaxUdp=65467
[2015.05.31-10.46.25:400][  0]LogSlate:Warning: Failed to load font data from '../../../Engine/Content/Slate/Fonts/Roboto-Italic.ttf'
[2015.05.31-10.46.27:154][  0]UdpMessaging: Initializing bridge on interface 0.0.0.0:0 to multicast group 230.0.0.1:6666.
[2015.05.31-10.46.27:701][  0]SourceControl: Info Source control is disabled
[2015.05.31-10.46.27:701][  0]SourceControl: Info Source control is disabled
[2015.05.31-10.46.27:701][  0]SourceControl: Info Source control is disabled
[2015.05.31-10.46.27:701][  0]LogSourceControl: RunCommandInternalRaw: 'git version'
[2015.05.31-10.46.27:701][  0]LogSourceControl: RunCommandInternalRaw: ExecProcess ReturnCode=2 OutResults=''
[2015.05.31-10.46.27:722][  0]SourceControl: Info Source control is disabled
[2015.05.31-10.46.28:295][  0]LogObj: 24232 objects as part of root set at end of initial load.
[2015.05.31-10.46.28:295][  0]LogUObjectAllocator: 5137168 out of 0 bytes used by permanent object pool.
[2015.05.31-10.46.28:457][  0]LogEngine: Initializing Engine...
[2015.05.31-10.46.30:703][  0]LogInit: XAudio2 using 'Lautsprecher/Kopfhörer (Realtek High Definition Audio)' : 2 channels at 48 kHz using 16 bits per sample (channel mask 0x3)
[2015.05.31-10.46.30:726][  0]LogInit: FAudioDevice initialized.
[2015.05.31-10.46.30:822][  0]LogAIModule: Creating AISystem for world NewWorld
[2015.05.31-10.46.30:858][  0]LogDerivedDataCache: Saved boot cache 0.03s 39MB C:/Users/Tim/AppData/Local/UnrealEngine/4.7/DerivedDataCache/Boot.ddc.
[2015.05.31-10.46.30:872][  0]LogInit: Texture streaming: Enabled
[2015.05.31-10.46.31:064][  0]LogAnalytics: Creating configured Analytics provider AnalyticsET
[2015.05.31-10.46.31:064][  0]LogAnalytics: ET APIKey = Rocket.Release. APIServer = http://et2.epicgames.com/ET2/. AppVersion = 4.7.6-2513093+++depot+UE4-Releases+4.7
[2015.05.31-10.46.31:064][  0]LogAnalytics: ET APIKey = Rocket.Release. DataRouterUploadURL = https://datarouter-public-service-gamedev.ol.epicgames.net/datarouter/api/v1/public/data. AppVersion = 4.7.6-2513093+++depot+UE4-Releases+4.7
[2015.05.31-10.46.31:064][  0]LogAnalytics: SetUserId c5fd52a24d6850d1c633029fc9284b73|9f6f6a0632e64490ab8dba32aeb92367|02faca1b-0e02-495b-954f-51d2c87ed7d6
[2015.05.31-10.46.31:065][  0]LogAnalytics: AnalyticsET::StartSession [Rocket.Release]
[2015.05.31-10.46.31:141][  0]LogInit: Transaction tracking system initialized
[2015.05.31-10.46.31:719][  0]BlueprintLog: New page: Editor Load
[2015.05.31-10.46.31:800][  0]LogAssetRegistry: FAssetRegistry took 0.0103 seconds to start up
[2015.05.31-10.46.31:801][  0]LogDirectoryWatcher:Warning: Failed to begin reading directory changes for ../../../Engine/Plugins/Experimental/CharacterAI/Content/. Error: 0
[2015.05.31-10.46.33:072][  0]LogTargetPlatformManager:Display: Building Assets For Windows
[2015.05.31-10.46.33:684][  0]LogTargetPlatformManager:Display: Building Assets For Windows
[2015.05.31-10.46.34:479][  0]LogLinker:Warning: Can't find file '/Game/FirstPersonBP/FirstPersonOverview'
[2015.05.31-10.46.34:479][  0]LogLinker:Warning: Can't find file '/Game/FirstPersonBP/FirstPersonOverview'
[2015.05.31-10.46.34:480][  0]LogUObjectGlobals:Warning: Failed to find object 'Class /Game/FirstPersonBP/FirstPersonOverview.FirstPersonOverview_C'
[2015.05.31-10.46.34:595][  0]LogSlate:Warning: Failed to load font data from '../../../Engine/Content/Editor/Slate/Fonts/Roboto-Regular.ttf'
[2015.05.31-10.46.34:596][  0]LogSlate:Warning: Failed to load font data from '../../../Engine/Content/Editor/Slate/Fonts/Roboto-Bold.ttf'
[2015.05.31-10.46.34:603][  0]LogConsoleResponse:Display: 
[2015.05.31-10.46.34:871][  0]LogCook:Display: Done creating registry. It took  0.00s.
[2015.05.31-10.46.35:347][  0]SourceControl: Info Source control is disabled
[2015.05.31-10.46.35:347][  0]Cmd: MAP LOAD FILE="../../../../../../Users/Tim/Documents/Unreal Projects/Project1/Content/FirstPersonBP/Maps/FirstPersonExampleMap.umap" TEMPLATE=0 SHOWPROGRESS=1 FEATURELEVEL=3
[2015.05.31-10.46.35:348][  0]LightingResults: New page: Lighting Build
[2015.05.31-10.46.35:379][  0]MapCheck: New page: Map Check
[2015.05.31-10.46.35:379][  0]LightingResults: New page: Lighting Build
[2015.05.31-10.46.35:406][  0]LogParticles: Destroying 0 GPU particle simulations for FXSystem 0x00000000169BA520
[2015.05.31-10.46.36:110][  0]LogBlueprint:Warning: USimpleConstructionScript::FixupRootNodeParentReferences() - Couldn't find inherited parent component 'DefaultSceneRoot' for 'Cube' in BlueprintGeneratedClass 'REINST_Wohnhaus_C_42' (it may have been removed)
[2015.05.31-10.46.37:106][  0]LogBlueprint:Warning: USimpleConstructionScript::FixupRootNodeParentReferences() - Couldn't find inherited parent component 'DefaultSceneRoot' for 'Cube' in BlueprintGeneratedClass 'REINST_Wohnhaus_C_83' (it may have been removed)
[2015.05.31-10.46.38:302][  0]LogBlueprint:Warning: USimpleConstructionScript::FixupRootNodeParentReferences() - Couldn't find inherited parent component 'DefaultSceneRoot' for 'Cube' in BlueprintGeneratedClass 'Wohnhaus_C' (it may have been removed)
[2015.05.31-10.46.38:495][  0]LogEditorServer: Finished looking for orphan Actors (0.000 secs)
[2015.05.31-10.46.39:789][  0]LogAIModule: Creating AISystem for world FirstPersonExampleMap
[2015.05.31-10.46.39:790][  0]Cmd: MAP CHECKDEP
[2015.05.31-10.46.39:790][  0]MapCheck: New page: FirstPersonExampleMap - May 31, 2015, 2:46:39 PM
[2015.05.31-10.46.40:013][  0]MapCheck: Info Map check complete: 0 Error(s), 0 Warning(s), took 222.855ms to complete.
[2015.05.31-10.46.40:013][  0]LogFileHelpers: Loading map 'FirstPersonExampleMap' took 4.666
[2015.05.31-10.46.40:215][  0]LogCollectionManager: Loaded 0 collections in 0.002912 seconds
[2015.05.31-10.46.40:237][  0]LogContentBrowser: Native class hierarchy populated in 0.0226 seconds. Added 1696 classes and 261 folders.
[2015.05.31-10.46.40:326][  0]LogContentBrowser: Native class hierarchy updated for 'SceneOutliner' in 0.0073 seconds. Added 1 classes and 2 folders.
[2015.05.31-10.46.40:446][  0]LogCrashTracker: Crashtracker disabled due to settings.
[2015.05.31-10.46.40:448][  0]LogSlate:Warning: Failed to load font data from 'Veranda'
[2015.05.31-10.46.40:458][  0]LogUObjectGlobals:Warning: Failed to find object 'Class None.'
[2015.05.31-10.46.40:493][  0]LogLoad: Full Startup: 26.76 seconds (BP compile: 1.14 seconds)
[2015.05.31-10.46.40:850][  0]LogContentBrowser:Verbose: The content browser source was changed by the sources view to '/Game/FirstPersonBP/Blueprints'
[2015.05.31-10.46.41:049][  0]LogRenderer:Warning: Reallocating scene render targets to support 32x32 (Frame:2).
[2015.05.31-10.46.41:267][  0]LogRenderer:Warning: Reallocating scene render targets to support 1208x576 (Frame:3).
[2015.05.31-10.46.43:631][  6]LogAssetRegistry: Asset discovery search completed in 11.8436 seconds
[2015.05.31-10.46.47:714][150]LogPlayLevel: PIE:  No blueprints needed recompiling
[2015.05.31-10.46.47:714][150]PIE: New page: PIE session: FirstPersonExampleMap (May 31, 2015, 2:46:47 PM)
[2015.05.31-10.46.47:759][150]LogPlayLevel: PIE: StaticDuplicateObject took: (0.044461s)
[2015.05.31-10.46.47:761][150]LogPlayLevel: PIE: World Init took: (0.001480s)
[2015.05.31-10.46.47:761][150]LogPlayLevel: PIE: Created PIE world by copying editor world from /Game/FirstPersonBP/Maps/FirstPersonExampleMap.FirstPersonExampleMap to /Game/FirstPersonBP/Maps/UEDPIE_0_FirstPersonExampleMap.FirstPersonExampleMap (0.046389s)
[2015.05.31-10.46.48:007][150]LogWorld: Game class is 'FirstPersonGameMode_C'
[2015.05.31-10.46.48:010][150]LogAIModule: Creating AISystem for world FirstPersonExampleMap
[2015.05.31-10.46.48:052][150]LogWorld: Bringing World /Game/FirstPersonBP/Maps/UEDPIE_0_FirstPersonExampleMap.FirstPersonExampleMap up for play (max tick rate 0) at 2015.05.31-12.46.48
[2015.05.31-10.46.48:056][150]LogWorld: Bringing up level for play took: 0.045010
[2015.05.31-10.46.48:059][150]PIE: Info Play in editor start time for /Game/FirstPersonBP/Maps/UEDPIE_0_FirstPersonExampleMap -0.365
[2015.05.31-10.49.32:955][568]LogParticles: Destroying 0 GPU particle simulations for FXSystem 0x0000000043D4D080
[2015.05.31-11.08.59:217][551]Cmd: QUIT_EDITOR
[2015.05.31-11.08.59:545][551]LogExit: Preparing to exit.
[2015.05.31-11.09.00:414][551]LogExit: Editor shut down
[2015.05.31-11.09.00:415][551]LogExit: Transaction tracking system shut down
[2015.05.31-11.09.00:417][551]LogParticles: Destroying 0 GPU particle simulations for FXSystem 0x000000000F57A980
[2015.05.31-11.09.00:418][551]LogParticles: Destroying 0 GPU particle simulations for FXSystem 0x000000003DF98900
[2015.05.31-11.09.00:418][551]LogParticles: Destroying 0 GPU particle simulations for FXSystem 0x0000000041449BC0
[2015.05.31-11.09.00:418][551]LogParticles: Destroying 0 GPU particle simulations for FXSystem 0x000000004161B9C0
[2015.05.31-11.09.00:660][551]LogExit: Object subsystem successfully closed.
[2015.05.31-11.09.00:765][551]LogModuleManager: Shutting down and abandoning module CrashTracker (177)
[2015.05.31-11.09.00:765][551]LogModuleManager: Shutting down and abandoning module SuperSearch (176)
[2015.05.31-11.09.00:765][551]LogModuleManager: Shutting down and abandoning module SceneOutliner (175)
[2015.05.31-11.09.00:765][551]LogModuleManager: Shutting down and abandoning module EditorWidgets (174)
[2015.05.31-11.09.00:765][551]LogModuleManager: Shutting down and abandoning module CollectionManager (173)
[2015.05.31-11.09.00:765][551]LogModuleManager: Shutting down and abandoning module StatsViewer (172)
[2015.05.31-11.09.00:765][551]LogModuleManager: Shutting down and abandoning module FoliageEdit (171)
[2015.05.31-11.09.00:765][551]LogModuleManager: Shutting down and abandoning module LandscapeEditor (170)
[2015.05.31-11.09.00:766][551]LogModuleManager: Shutting down and abandoning module MeshPaint (169)
[2015.05.31-11.09.00:766][551]LogModuleManager: Shutting down and abandoning module ActorPickerMode (168)
[2015.05.31-11.09.00:766][551]LogModuleManager: Shutting down and abandoning module GeometryMode (167)
[2015.05.31-11.09.00:766][551]LogModuleManager: Shutting down and abandoning module TextureAlignMode (166)
[2015.05.31-11.09.00:766][551]LogModuleManager: Shutting down and abandoning module BspMode (165)
[2015.05.31-11.09.00:766][551]LogModuleManager: Shutting down and abandoning module PlacementMode (164)
[2015.05.31-11.09.00:766][551]LogModuleManager: Shutting down and abandoning module AutomationWorker (163)
[2015.05.31-11.09.00:766][551]LogModuleManager: Shutting down and abandoning module CharacterAI (162)
[2015.05.31-11.09.00:766][551]LogModuleManager: Shutting down and abandoning module SmartSnapping (161)
[2015.05.31-11.09.00:766][551]LogModuleManager: Shutting down and abandoning module ViewportSnapping (160)
[2015.05.31-11.09.00:766][551]LogModuleManager: Shutting down and abandoning module LogVisualizer (159)
[2015.05.31-11.09.00:766][551]LogModuleManager: Shutting down and abandoning module GameProjectGeneration (158)
[2015.05.31-11.09.00:766][551]LogModuleManager: Shutting down and abandoning module IntroTutorials (157)
[2015.05.31-11.09.00:766][551]LogModuleManager: Shutting down and abandoning module EditorLiveStreaming (156)
[2015.05.31-11.09.00:766][551]LogModuleManager: Shutting down and abandoning module HardwareTargeting (155)
[2015.05.31-11.09.00:766][551]LogModuleManager: Shutting down and abandoning module DeviceProfileEditor (154)
[2015.05.31-11.09.00:766][551]LogModuleManager: Shutting down and abandoning module UndoHistory (153)
[2015.05.31-11.09.00:766][551]LogModuleManager: Shutting down and abandoning module GameplayTagsEditor (152)
[2015.05.31-11.09.00:766][551]LogModuleManager: Shutting down and abandoning module UserFeedback (151)
[2015.05.31-11.09.00:766][551]LogModuleManager: Shutting down and abandoning module XmlParser (150)
[2015.05.31-11.09.00:766][551]LogModuleManager: Shutting down and abandoning module Blutility (149)
[2015.05.31-11.09.00:766][551]LogModuleManager: Shutting down and abandoning module IOSPlatformEditor (148)
[2015.05.31-11.09.00:766][551]LogModuleManager: Shutting down and abandoning module IOSRuntimeSettings (147)
[2015.05.31-11.09.00:766][551]LogModuleManager: Shutting down and abandoning module AndroidDeviceDetection (146)
[2015.05.31-11.09.01:018][551]LogModuleManager: Shutting down and abandoning module AndroidPlatformEditor (145)
[2015.05.31-11.09.01:018][551]LogModuleManager: Shutting down and abandoning module AndroidRuntimeSettings (144)
[2015.05.31-11.09.01:018][551]LogModuleManager: Shutting down and abandoning module ProjectTargetPlatformEditor (143)
[2015.05.31-11.09.01:018][551]LogModuleManager: Shutting down and abandoning module ProjectSettingsViewer (142)
[2015.05.31-11.09.01:018][551]LogModuleManager: Shutting down and abandoning module InputBindingEditor (141)
[2015.05.31-11.09.01:018][551]LogModuleManager: Shutting down and abandoning module EditorSettingsViewer (140)
[2015.05.31-11.09.01:018][551]LogModuleManager: Shutting down and abandoning module SettingsEditor (139)
[2015.05.31-11.09.01:018][551]LogModuleManager: Shutting down and abandoning module ProjectLauncher (138)
[2015.05.31-11.09.01:018][551]LogModuleManager: Shutting down and abandoning module SessionFrontend (137)
[2015.05.31-11.09.01:018][551]LogModuleManager: Shutting down and abandoning module ProfilerClient (136)
[2015.05.31-11.09.01:018][551]LogModuleManager: Shutting down and abandoning module TargetDeviceServices (135)
[2015.05.31-11.09.01:019][551]LogModuleManager: Shutting down and abandoning module DeviceManager (134)
[2015.05.31-11.09.01:019][551]LogModuleManager: Shutting down and abandoning module AutomationController (133)
[2015.05.31-11.09.01:019][551]LogModuleManager: Shutting down and abandoning module AutomationWindow (132)
[2015.05.31-11.09.01:019][551]LogModuleManager: Shutting down and abandoning module Layers (131)
[2015.05.31-11.09.01:019][551]LogModuleManager: Shutting down and abandoning module ComponentVisualizers (130)
[2015.05.31-11.09.01:019][551]LogModuleManager: Shutting down and abandoning module DetailCustomizations (129)
[2015.05.31-11.09.01:019][551]LogModuleManager: Shutting down and abandoning module PackagesDialog (128)
[2015.05.31-11.09.01:019][551]LogModuleManager: Shutting down and abandoning module AssetRegistry (127)
[2015.05.31-11.09.01:077][551]LogModuleManager: Shutting down and abandoning module Persona (126)
[2015.05.31-11.09.01:077][551]LogModuleManager: Shutting down and abandoning module SlateReflector (125)
[2015.05.31-11.09.01:077][551]LogModuleManager: Shutting down and abandoning module LevelEditor (124)
[2015.05.31-11.09.01:078][551]LogModuleManager: Shutting down and abandoning module Kismet (123)
[2015.05.31-11.09.01:078][551]LogModuleManager: Shutting down and abandoning module GraphEditor (122)
[2015.05.31-11.09.01:078][551]LogModuleManager: Shutting down and abandoning module ClassViewer (121)
[2015.05.31-11.09.01:078][551]LogModuleManager: Shutting down and abandoning module Toolbox (120)
[2015.05.31-11.09.01:078][551]LogModuleManager: Shutting down and abandoning module ModuleUI (119)
[2015.05.31-11.09.01:078][551]LogModuleManager: Shutting down and abandoning module MovieSceneTools (118)
[2015.05.31-11.09.01:078][551]LogModuleManager: Shutting down and abandoning module OutputLog (117)
[2015.05.31-11.09.01:078][551]LogModuleManager: Shutting down and abandoning module GammaUI (116)
[2015.05.31-11.09.01:078][551]LogModuleManager: Shutting down and abandoning module Documentation (115)
[2015.05.31-11.09.01:078][551]LogModuleManager: Shutting down and abandoning module GameLiveStreaming (114)
[2015.05.31-11.09.01:078][551]LogModuleManager: Shutting down and abandoning module StreamingPauseRendering (113)
[2015.05.31-11.09.01:078][551]LogModuleManager: Shutting down and abandoning module HTTP (112)
[2015.05.31-11.09.01:078][551]LogModuleManager: Shutting down and abandoning module AnalyticsET (111)
[2015.05.31-11.09.01:079][551]LogModuleManager: Shutting down and abandoning module Analytics (110)
[2015.05.31-11.09.01:079][551]LogModuleManager: Shutting down and abandoning module AITestSuite (109)
[2015.05.31-11.09.01:079][551]LogModuleManager: Shutting down and abandoning module GameplayDebugger (108)
[2015.05.31-11.09.01:079][551]LogModuleManager: Shutting down and abandoning module AIModule (107)
[2015.05.31-11.09.01:079][551]LogModuleManager: Shutting down and abandoning module ProfilerService (106)
[2015.05.31-11.09.01:177][551]LogModuleManager: Shutting down and abandoning module TaskGraph (105)
[2015.05.31-11.09.01:177][551]LogModuleManager: Shutting down and abandoning module SlateRemote (104)
[2015.05.31-11.09.01:177][551]LogModuleManager: Shutting down and abandoning module ScriptEditorPlugin (103)
[2015.05.31-11.09.01:177][551]LogModuleManager: Shutting down and abandoning module CustomMeshComponent (102)
[2015.05.31-11.09.01:177][551]LogModuleManager: Shutting down and abandoning module CableComponent (101)
[2015.05.31-11.09.01:177][551]LogModuleManager: Shutting down and abandoning module MessagingDebugger (100)
[2015.05.31-11.09.01:177][551]LogModuleManager: Shutting down and abandoning module MediaPlayerEditor (99)
[2015.05.31-11.09.01:177][551]LogModuleManager: Shutting down and abandoning module SpeedTreeImporter (98)
[2015.05.31-11.09.01:177][551]LogModuleManager: Shutting down and abandoning module PluginsEditor (97)
[2015.05.31-11.09.01:177][551]LogModuleManager: Shutting down and abandoning module MainFrame (96)
[2015.05.31-11.09.01:177][551]LogModuleManager: Shutting down and abandoning module EpicSurvey (95)
[2015.05.31-11.09.01:177][551]LogModuleManager: Shutting down and abandoning module DesktopPlatform (94)
[2015.05.31-11.09.01:177][551]LogModuleManager: Shutting down and abandoning module DirectoryWatcher (93)
[2015.05.31-11.09.01:178][551]LogModuleManager: Shutting down and abandoning module HotReload (92)
[2015.05.31-11.09.01:178][551]LogModuleManager: Shutting down and abandoning module VisualStudioSourceCodeAccess (91)
[2015.05.31-11.09.01:178][551]LogModuleManager: Shutting down and abandoning module UObjectPlugin (90)
[2015.05.31-11.09.01:178][551]LogModuleManager: Shutting down and abandoning module SubversionSourceControl (89)
[2015.05.31-11.09.01:178][551]LogModuleManager: Shutting down and abandoning module PerforceSourceControl (88)
[2015.05.31-11.09.01:178][551]LogModuleManager: Shutting down and abandoning module SourceControl (87)
[2015.05.31-11.09.01:178][551]LogModuleManager: Shutting down and abandoning module GitSourceControl (86)
[2015.05.31-11.09.01:178][551]LogModuleManager: Shutting down and abandoning module BlankPlugin (85)
[2015.05.31-11.09.01:178][551]LogModuleManager: Shutting down and abandoning module PaperTiledImporter (84)
[2015.05.31-11.09.01:178][551]LogModuleManager: Shutting down and abandoning module PaperJsonImporter (83)
[2015.05.31-11.09.01:178][551]LogModuleManager: Shutting down and abandoning module ContentBrowser (82)
[2015.05.31-11.09.01:180][551]LogModuleManager: Shutting down and abandoning module Paper2DEditor (81)
[2015.05.31-11.09.01:180][551]LogModuleManager: Shutting down and abandoning module ScriptPlugin (80)
[2015.05.31-11.09.01:180][551]LogModuleManager: Shutting down and abandoning module UdpMessaging (79)
[2015.05.31-11.09.01:280][551]LogModuleManager: Shutting down and abandoning module Paper2D (78)
[2015.05.31-11.09.01:280][551]LogModuleManager: Shutting down and abandoning module WindowsMoviePlayer (77)
[2015.05.31-11.09.01:283][551]LogModuleManager: Shutting down and abandoning module Media (76)
[2015.05.31-11.09.01:283][551]LogModuleManager: Shutting down and abandoning module WmfMedia (75)
[2015.05.31-11.09.01:284][551]LogModuleManager: Shutting down and abandoning module OnlineBlueprintSupport (74)
[2015.05.31-11.09.01:284][551]LogModuleManager: Shutting down and abandoning module PropertyEditor (73)
[2015.05.31-11.09.01:284][551]LogModuleManager: Shutting down and abandoning module BehaviorTreeEditor (72)
[2015.05.31-11.09.01:284][551]LogModuleManager: Shutting down and abandoning module FunctionalTesting (71)
[2015.05.31-11.09.01:284][551]LogModuleManager: Shutting down and abandoning module CollisionAnalyzer (70)
[2015.05.31-11.09.01:284][551]LogModuleManager: Shutting down and abandoning module WorkspaceMenuStructure (69)
[2015.05.31-11.09.01:284][551]LogModuleManager: Shutting down and abandoning module MessageLog (68)
[2015.05.31-11.09.01:284][551]LogModuleManager: Shutting down and abandoning module Sequencer (67)
[2015.05.31-11.09.01:284][551]LogModuleManager: Shutting down and abandoning module AssetTools (66)
[2015.05.31-11.09.01:284][551]LogModuleManager: Shutting down and abandoning module UMGEditor (65)
[2015.05.31-11.09.01:284][551]LogModuleManager: Shutting down and abandoning module UMG (64)
[2015.05.31-11.09.01:284][551]LogModuleManager: Shutting down and abandoning module Slate (63)
[2015.05.31-11.09.01:284][551]LogModuleManager: Shutting down and abandoning module EditorStyle (62)
[2015.05.31-11.09.01:294][551]LogModuleManager: Shutting down and abandoning module SessionServices (61)
[2015.05.31-11.09.01:295][551]LogModuleManager: Shutting down and abandoning module SourceCodeAccess (60)
[2015.05.31-11.09.01:295][551]LogModuleManager: Shutting down and abandoning module HeadMountedDisplay (59)
[2015.05.31-11.09.01:295][551]LogModuleManager: Shutting down and abandoning module XAudio2 (58)
[2015.05.31-11.09.01:295][551]LogModuleManager: Shutting down and abandoning module Networking (56)
[2015.05.31-11.09.01:295][551]LogModuleManager: Shutting down and abandoning module Core (55)
[2015.05.31-11.09.01:295][551]LogModuleManager: Shutting down and abandoning module KismetCompiler (54)
[2015.05.31-11.09.01:295][551]LogModuleManager: Shutting down and abandoning module PhysXFormats (53)
[2015.05.31-11.09.01:295][551]LogModuleManager: Shutting down and abandoning module MeshUtilities (52)
[2015.05.31-11.09.01:295][551]LogModuleManager: Shutting down and abandoning module DerivedDataCache (51)
[2015.05.31-11.09.01:363][551]LogDerivedDataCache: Shutdown
[2015.05.31-11.09.01:363][551]LogModuleManager: Shutting down and abandoning module ShaderFormatOpenGL (50)
[2015.05.31-11.09.01:363][551]LogModuleManager: Shutting down and abandoning module ShaderFormatD3D (49)
[2015.05.31-11.09.01:363][551]LogModuleManager: Shutting down and abandoning module MetalShaderFormat (48)
[2015.05.31-11.09.01:363][551]LogModuleManager: Shutting down and abandoning module TextureFormatUncompressed (47)
[2015.05.31-11.09.01:363][551]LogModuleManager: Shutting down and abandoning module TextureFormatPVR (46)
[2015.05.31-11.09.01:363][551]LogModuleManager: Shutting down and abandoning module TextureFormatIntelISPCTexComp (45)
[2015.05.31-11.09.01:363][551]LogModuleManager: Shutting down and abandoning module TextureFormatDXT (44)
[2015.05.31-11.09.01:363][551]LogModuleManager: Shutting down and abandoning module ImageWrapper (43)
[2015.05.31-11.09.01:363][551]LogModuleManager: Shutting down and abandoning module TextureFormatASTC (42)
[2015.05.31-11.09.01:363][551]LogModuleManager: Shutting down and abandoning module TextureFormatAndroid (41)
[2015.05.31-11.09.01:363][551]LogModuleManager: Shutting down and abandoning module AudioFormatOpus (40)
[2015.05.31-11.09.01:363][551]LogModuleManager: Shutting down and abandoning module AudioFormatOgg (39)
[2015.05.31-11.09.01:363][551]LogModuleManager: Shutting down and abandoning module AudioFormatADPCM (38)
[2015.05.31-11.09.01:363][551]LogModuleManager: Shutting down and abandoning module LinuxTargetPlatform (37)
[2015.05.31-11.09.01:363][551]LogModuleManager: Shutting down and abandoning module LinuxServerTargetPlatform (36)
[2015.05.31-11.09.01:363][551]LogModuleManager: Shutting down and abandoning module LinuxNoEditorTargetPlatform (35)
[2015.05.31-11.09.01:363][551]LogModuleManager: Shutting down and abandoning module Messaging (34)
[2015.05.31-11.09.01:363][551]LogModuleManager: Shutting down and abandoning module IOSTargetPlatform (33)
[2015.05.31-11.09.01:363][551]LogModuleManager: Shutting down and abandoning module HTML5TargetPlatform (32)
[2015.05.31-11.09.01:363][551]LogModuleManager: Shutting down and abandoning module Android_PVRTCTargetPlatform (31)
[2015.05.31-11.09.01:363][551]LogModuleManager: Shutting down and abandoning module Android_ETC2TargetPlatform (30)
[2015.05.31-11.09.01:363][551]LogModuleManager: Shutting down and abandoning module Android_ETC1TargetPlatform (29)
[2015.05.31-11.09.01:363][551]LogModuleManager: Shutting down and abandoning module Android_ES31TargetPlatform (28)
[2015.05.31-11.09.01:363][551]LogModuleManager: Shutting down and abandoning module Android_DXTTargetPlatform (27)
[2015.05.31-11.09.01:364][551]LogModuleManager: Shutting down and abandoning module Android_ATCTargetPlatform (26)
[2015.05.31-11.09.01:364][551]LogModuleManager: Shutting down and abandoning module AndroidTargetPlatform (25)
[2015.05.31-11.09.01:364][551]LogModuleManager: Shutting down and abandoning module WindowsTargetPlatform (24)
[2015.05.31-11.09.01:364][551]LogModuleManager: Shutting down and abandoning module WindowsServerTargetPlatform (23)
[2015.05.31-11.09.01:364][551]LogModuleManager: Shutting down and abandoning module WindowsNoEditorTargetPlatform (22)
[2015.05.31-11.09.01:364][551]LogModuleManager: Shutting down and abandoning module WindowsClientTargetPlatform (21)
[2015.05.31-11.09.01:364][551]LogModuleManager: Shutting down and abandoning module TargetPlatform (20)
[2015.05.31-11.09.01:364][551]LogModuleManager: Shutting down and abandoning module InputCore (19)
[2015.05.31-11.09.01:364][551]LogModuleManager: Shutting down and abandoning module Settings (18)
[2015.05.31-11.09.01:364][551]LogModuleManager: Shutting down and abandoning module OnlineSubsystem (16)
[2015.05.31-11.09.01:364][551]LogModuleManager: Shutting down and abandoning module OculusRift (15)
[2015.05.31-11.09.01:364][551]LogModuleManager: Shutting down and abandoning module ExampleDeviceProfileSelector (14)
[2015.05.31-11.09.01:364][551]LogModuleManager: Shutting down and abandoning module TextureCompressor (13)
[2015.05.31-11.09.01:364][551]LogModuleManager: Shutting down and abandoning module ShaderCore (12)
[2015.05.31-11.09.01:364][551]LogModuleManager: Shutting down and abandoning module Landscape (11)
[2015.05.31-11.09.01:364][551]LogModuleManager: Shutting down and abandoning module SlateRHIRenderer (10)
[2015.05.31-11.09.01:367][551]LogModuleManager: Shutting down and abandoning module OpenGLDrv (9)
[2015.05.31-11.09.01:367][551]LogModuleManager: Shutting down and abandoning module D3D11RHI (8)
[2015.05.31-11.09.01:367][551]LogModuleManager: Shutting down and abandoning module Renderer (7)
[2015.05.31-11.09.01:367][551]LogModuleManager: Shutting down and abandoning module Engine (6)
[2015.05.31-11.09.01:367][551]LogModuleManager: Shutting down and abandoning module CoreUObject (5)
[2015.05.31-11.09.01:367][551]LogModuleManager: Shutting down and abandoning module NetworkFile (4)
[2015.05.31-11.09.01:367][551]LogModuleManager: Shutting down and abandoning module StreamingFile (3)
[2015.05.31-11.09.01:367][551]LogModuleManager: Shutting down and abandoning module SandboxFile (2)
[2015.05.31-11.09.01:367][551]LogModuleManager: Shutting down and abandoning module PakFile (1)
[2015.05.31-11.09.01:368][551]LogExit: Exiting.
[2015.05.31-11.09.01:375][551]Log file closed, 05/31/15 13:09:01
=======
[2015.05.31-10.22.27:097][  0]LogTaskGraph: Started task graph with 3 named threads and 6 total threads.
[2015.05.31-10.22.27:174][  0]LogOnline:Warning: No default platform service specified for OnlineSubsystem
[2015.05.31-10.22.27:438][  0]LogInit: Presizing for 0 objects not considered by GC, pre-allocating 0 bytes.
[2015.05.31-10.22.27:660][  0]LogInit: Object subsystem initialized
[2015.05.31-10.22.27:768][  0]LogConsoleResponse:Warning: Skipping Unknown console variable: 'TranslucentSortAxis = (X=0.000000,Y=-1.000000,Z=0.000000)'
[2015.05.31-10.22.27:768][  0]LogConsoleResponse:Warning:   Found in ini file 'C:/Users/Lukas/Desktop/Project1/Project1/Saved/Config/Windows/Engine.ini', in section '[/Script/Engine.RendererSettings]'
[2015.05.31-10.22.27:768][  0]LogConsoleResponse:Warning: Skipping Unknown console variable: 'UIScaleRule = ShortestSide'
[2015.05.31-10.22.27:768][  0]LogConsoleResponse:Warning:   Found in ini file 'C:/Users/Lukas/Desktop/Project1/Project1/Saved/Config/Windows/Engine.ini', in section '[/Script/Engine.RendererSettings]'
[2015.05.31-10.22.27:768][  0]LogConsoleResponse:Warning: Skipping Unknown console variable: 'UIScaleCurve = (EditorCurveData=(Keys=),ExternalCurve=None)'
[2015.05.31-10.22.27:768][  0]LogConsoleResponse:Warning:   Found in ini file 'C:/Users/Lukas/Desktop/Project1/Project1/Saved/Config/Windows/Engine.ini', in section '[/Script/Engine.RendererSettings]'
[2015.05.31-10.22.27:817][  0]LogInit: Selected Device Profile: [Windows]
[2015.05.31-10.22.27:818][  0]LogInit: Applying CVar settings loaded from the selected device profile: [Windows]
[2015.05.31-10.22.27:979][  0]LogInit: Computer: FROMME-HP
[2015.05.31-10.22.27:979][  0]LogInit: User: Lukas
[2015.05.31-10.22.27:979][  0]LogInit: CPU Page size=4096, Cores=4
[2015.05.31-10.22.27:979][  0]LogInit: High frequency timer resolution =2.857626 MHz
[2015.05.31-10.22.27:980][  0]LogMemory: Memory total: Physical=4.0GB (4GB approx) Virtual=8192.0GB
[2015.05.31-10.22.27:981][  0]LogMemory: Platform Memory Stats for Windows
[2015.05.31-10.22.27:981][  0]LogMemory: Process Physical Memory: 47.86 MB used, 47.86 MB peak
[2015.05.31-10.22.27:981][  0]LogMemory: Process Virtual Memory: 26.34 MB used, 26.34 MB peak
[2015.05.31-10.22.27:981][  0]LogMemory: Physical Memory: 1899.90 MB used, 4055.08 MB total
[2015.05.31-10.22.27:981][  0]LogMemory: Virtual Memory: 279.30 MB used, 8388608.00 MB total
[2015.05.31-10.22.28:436][  0]LogD3D11RHI: Found D3D11 adapter 0: NVIDIA GeForce GT 440 (Feature Level 11_0)
[2015.05.31-10.22.28:436][  0]LogD3D11RHI: Adapter has 1503MB of dedicated video memory, 0MB of dedicated system memory, and 1771MB of shared system memory, 1 output[s]
[2015.05.31-10.22.28:437][  0]LogD3D11RHI: Chosen D3D11 Adapter Id = 0
[2015.05.31-10.22.28:459][  0]LogRHI: Texture pool is 1052 MB (70% of 1503 MB)
[2015.05.31-10.22.28:493][  0]LogD3D11RHI: Async texture creation enabled
[2015.05.31-10.22.30:355][  0]LogTextLocalizationManager: The requested culture ('en_US') has no localization data; parent culture's ('en') localization data will be used.
[2015.05.31-10.22.30:623][  0]LogTextLocalizationManager:Warning: Loading localization resources contain conflicting entries for (Namespace:UICommands, Key:Save_ToolTip):
Resource: (C:/Users/Lukas/Desktop/Epic Games/4.7/Engine/Content/Localization/Editor/en/Editor.locres) Hash: (-29098895) String: (Saves the current level to disk)
Resource: (C:/Users/Lukas/Desktop/Epic Games/4.7/Engine/Content/Localization/Engine/en/Engine.locres) Hash: (-1280300587) String: (Save selected data to vlog file)
[2015.05.31-10.22.30:624][  0]LogTextLocalizationManager:Warning: Loading localization resources contain conflicting entries for (Namespace:ContentBrowser, Key:ImportAssetToolTip):
Resource: (C:/Users/Lukas/Desktop/Epic Games/4.7/Engine/Content/Localization/Editor/en/Editor.locres) Hash: (-630476809) String: (Import to {0}...)
Resource: (C:/Users/Lukas/Desktop/Epic Games/4.7/Engine/Content/Localization/Editor/en/Editor.locres) Hash: (1271782899) String: (Imports an asset from file to this folder.)
[2015.05.31-10.22.30:896][  0]LogContentStreaming: Texture pool size is 0.000000MB
[2015.05.31-10.22.45:513][  0]LogTargetPlatformManager:Display: Building Assets For Windows
[2015.05.31-10.22.47:936][  0]LogTargetPlatformManager:Display: Building Assets For Windows
[2015.05.31-10.22.48:224][  0]LogDerivedDataCache:Display: Max Cache Size: 512 MB
[2015.05.31-10.22.48:759][  0]LogDerivedDataCache: Loaded boot cache 0.52s 39MB C:/Users/Lukas/AppData/Local/UnrealEngine/4.7/DerivedDataCache/Boot.ddc.
[2015.05.31-10.22.48:759][  0]LogDerivedDataCache:Display: Loaded Boot cache: C:/Users/Lukas/AppData/Local/UnrealEngine/4.7/DerivedDataCache/Boot.ddc
[2015.05.31-10.22.48:760][  0]LogDerivedDataCache: FDerivedDataBackendGraph:  Pak pak cache file ../../../../../Project1/Project1/DerivedDataCache/DDC.ddp not found, will not use a pak cache.
[2015.05.31-10.22.48:760][  0]LogDerivedDataCache: Unable to find inner node Pak for hierarchical cache Hierarchy.
[2015.05.31-10.22.49:284][  0]LogDerivedDataCache:Display: Pak cache opened for reading ../../../Engine/DerivedDataCache/Compressed.ddp.
[2015.05.31-10.22.49:319][  0]LogDerivedDataCache: Using Local data cache path C:/Users/Lukas/AppData/Local/UnrealEngine/Common/DerivedDataCache: Writable
[2015.05.31-10.23.00:969][  0]LogMeshUtilities: No automatic mesh reduction module available
[2015.05.31-10.23.00:969][  0]LogMeshUtilities: No automatic mesh merging module available
[2015.05.31-10.23.05:620][  0]LogInit: WinSock: version 1.1 (2.2), MaxSocks=32767, MaxUdp=65467
[2015.05.31-10.23.06:182][  0]LogSlate:Warning: Failed to load font data from '../../../Engine/Content/Slate/Fonts/Roboto-Italic.ttf'
[2015.05.31-10.23.38:272][  0]UdpMessaging: Initializing bridge on interface 0.0.0.0:0 to multicast group 230.0.0.1:6666.
[2015.05.31-10.23.39:746][  0]SourceControl: Info Source control is disabled
[2015.05.31-10.23.39:759][  0]SourceControl: Info Source control is disabled
[2015.05.31-10.23.39:759][  0]SourceControl: Info Source control is disabled
[2015.05.31-10.23.39:759][  0]LogSourceControl: RunCommandInternalRaw: 'git version'
[2015.05.31-10.23.39:760][  0]LogSourceControl: RunCommandInternalRaw: ExecProcess ReturnCode=2 OutResults=''
[2015.05.31-10.23.39:787][  0]SourceControl: Info Source control is disabled
[2015.05.31-10.23.41:448][  0]LogObj: 24232 objects as part of root set at end of initial load.
[2015.05.31-10.23.41:448][  0]LogUObjectAllocator: 5137176 out of 0 bytes used by permanent object pool.
[2015.05.31-10.23.42:235][  0]LogEngine: Initializing Engine...
[2015.05.31-10.23.46:383][  0]LogInit: XAudio2 using 'Speakers (Realtek High Definition Audio)' : 2 channels at 48 kHz using 32 bits per sample (channel mask 0x3)
[2015.05.31-10.23.46:460][  0]LogInit: FAudioDevice initialized.
[2015.05.31-10.23.47:107][  0]LogAIModule: Creating AISystem for world NewWorld
[2015.05.31-10.23.47:286][  0]LogDerivedDataCache: Saved boot cache 0.05s 39MB C:/Users/Lukas/AppData/Local/UnrealEngine/4.7/DerivedDataCache/Boot.ddc.
[2015.05.31-10.23.47:298][  0]LogInit: Texture streaming: Enabled
[2015.05.31-10.23.48:182][  0]LogAnalytics: Creating configured Analytics provider AnalyticsET
[2015.05.31-10.23.48:182][  0]LogAnalytics: ET APIKey = Rocket.Release. APIServer = http://et2.epicgames.com/ET2/. AppVersion = 4.7.6-2513093+++depot+UE4-Releases+4.7
[2015.05.31-10.23.48:182][  0]LogAnalytics: ET APIKey = Rocket.Release. DataRouterUploadURL = https://datarouter-public-service-gamedev.ol.epicgames.net/datarouter/api/v1/public/data. AppVersion = 4.7.6-2513093+++depot+UE4-Releases+4.7
[2015.05.31-10.23.48:182][  0]LogAnalytics: SetUserId 9153a709470beeb48b119ba03ef5c97b|2d9955a13daf4593ae557865709bc36b|ac3ad898-75f7-41e0-8862-0a7a999c15ce
[2015.05.31-10.23.48:231][  0]LogAnalytics: AnalyticsET::StartSession [Rocket.Release]
[2015.05.31-10.23.48:466][  0]LogInit: Transaction tracking system initialized
[2015.05.31-10.23.50:812][  0]BlueprintLog: New page: Editor Load
[2015.05.31-10.23.51:233][  0]LogAssetRegistry: FAssetRegistry took 0.0469 seconds to start up
[2015.05.31-10.23.51:234][  0]LogDirectoryWatcher:Warning: Failed to begin reading directory changes for ../../../Engine/Plugins/Experimental/CharacterAI/Content/. Error: 0
[2015.05.31-10.23.55:708][  0]LogTargetPlatformManager:Display: Building Assets For Windows
[2015.05.31-10.23.56:602][  0]LogTargetPlatformManager:Display: Building Assets For Windows
[2015.05.31-10.24.00:090][  0]LogSlate:Warning: Failed to load font data from '../../../Engine/Content/Editor/Slate/Fonts/Roboto-Regular.ttf'
[2015.05.31-10.24.00:092][  0]LogSlate:Warning: Failed to load font data from '../../../Engine/Content/Editor/Slate/Fonts/Roboto-Bold.ttf'
[2015.05.31-10.24.00:457][  0]LogConsoleResponse:Display: 
[2015.05.31-10.24.05:078][  0]LogCook:Display: Done creating registry. It took  0.00s.
[2015.05.31-10.24.08:710][  0]SourceControl: Info Source control is disabled
[2015.05.31-10.28.47:662][  0]Cmd: MAP LOAD FILE="../../../../../Project1/Project1/Content/FirstPersonBP/Maps/FirstPersonExampleMap.umap" TEMPLATE=0 SHOWPROGRESS=1 FEATURELEVEL=3
[2015.05.31-10.28.47:664][  0]LightingResults: New page: Lighting Build
[2015.05.31-10.28.47:855][  0]MapCheck: New page: Map Check
[2015.05.31-10.28.47:855][  0]LightingResults: New page: Lighting Build
[2015.05.31-10.28.48:158][  0]LogParticles: Destroying 0 GPU particle simulations for FXSystem 0x0000000003F56520
[2015.05.31-10.28.49:511][  0]LogLinker:Warning: Can't find file '/Game/FirstPersonBP/Meshes/Miene2'
[2015.05.31-10.28.49:512][  0]LogLinker:Warning: Can't find file for asset '/Game/FirstPersonBP/Meshes/Miene2' while loading ../../../../../Project1/Project1/Content/FirstPersonBP/Blueprints/Bergwerk.uasset.
[2015.05.31-10.28.49:512][  0]LoadErrors:Error: Error /Game/FirstPersonBP/Blueprints/Bergwerk : Can't find file for asset. /Game/FirstPersonBP/Meshes/Miene2
[2015.05.31-10.28.49:514][  0]LoadErrors:Error: Error Failed import for SceneComponent
[2015.05.31-10.28.49:515][  0]LogLinker:Warning: Can't find file '/Game/FirstPersonBP/Meshes/Miene2'
[2015.05.31-10.28.49:516][  0]LogLinker:Warning: Can't find file for asset '/Game/FirstPersonBP/Meshes/Miene2' while loading ../../../../../Project1/Project1/Content/FirstPersonBP/Blueprints/Bergwerk.uasset.
[2015.05.31-10.28.49:516][  0]LoadErrors:Error: Error /Game/FirstPersonBP/Blueprints/Bergwerk : Can't find file for asset. /Game/FirstPersonBP/Meshes/Miene2
[2015.05.31-10.28.49:560][  0]LogLinker:Warning: Can't find file '/Game/FirstPersonBP/Meshes/Miene2'
[2015.05.31-10.28.49:560][  0]LoadErrors: Info Failed to load /Game/FirstPersonBP/Blueprints/Baum.Baum_C Referenced by StaticMeshComponent_650
[2015.05.31-10.28.49:561][  0]LogLinker:Warning: Can't find file for asset '/Game/FirstPersonBP/Meshes/Miene2' while loading ../../../../../Project1/Project1/Content/FirstPersonBP/Blueprints/Baum.uasset.
[2015.05.31-10.28.49:561][  0]LoadErrors: Info Failed to load /Game/FirstPersonBP/Blueprints/Baum.Baum_C Referenced by StaticMeshComponent_650
[2015.05.31-10.28.49:561][  0]LoadErrors:Error: Error /Game/FirstPersonBP/Blueprints/Baum : Can't find file for asset. /Game/FirstPersonBP/Meshes/Miene2
[2015.05.31-10.28.49:806][  0]LogLinker:Warning: Can't find file '/Game/FirstPersonBP/Meshes/Miene2'
[2015.05.31-10.28.49:807][  0]LogLinker:Warning: Can't find file for asset '/Game/FirstPersonBP/Meshes/Miene2' while loading ../../../../../Project1/Project1/Content/FirstPersonBP/Blueprints/Baum.uasset.
[2015.05.31-10.28.49:807][  0]LoadErrors:Error: Error /Game/FirstPersonBP/Blueprints/Baum : Can't find file for asset. /Game/FirstPersonBP/Meshes/Miene2
[2015.05.31-10.28.49:808][  0]LogLinker:Warning: Can't find file '/Game/FirstPersonBP/Meshes/Miene2'
[2015.05.31-10.28.49:808][  0]LogLinker:Warning: Can't find file for asset '/Game/FirstPersonBP/Meshes/Miene2' while loading ../../../../../Project1/Project1/Content/FirstPersonBP/Blueprints/Baum.uasset.
[2015.05.31-10.28.49:809][  0]LoadErrors:Error: Error /Game/FirstPersonBP/Blueprints/Baum : Can't find file for asset. /Game/FirstPersonBP/Meshes/Miene2
[2015.05.31-10.28.49:985][  0]LogBlueprint:Warning: USimpleConstructionScript::FixupRootNodeParentReferences() - Couldn't find inherited parent component 'Scene' for 'StaticMesh' in BlueprintGeneratedClass 'REINST_Bergwerk_C_22' (it may have been removed)
[2015.05.31-10.28.49:985][  0]LogBlueprint:Warning: USimpleConstructionScript::FixupRootNodeParentReferences() - Couldn't find inherited parent component 'Scene' for 'Scene_0' in BlueprintGeneratedClass 'REINST_Bergwerk_C_22' (it may have been removed)
[2015.05.31-10.28.50:009][  0]LogBlueprint:Warning: ValidateTemplates '/Game/FirstPersonBP/Blueprints/Bergwerk.Bergwerk_C:InheritableComponentHandler': overriden template is invalid - component 'Scene' from '/Game/FirstPersonBP/Blueprints/Haeuser.Haeuser_C'
[2015.05.31-10.28.51:177][  0]LogBlueprint:Warning: USimpleConstructionScript::FixupRootNodeParentReferences() - Couldn't find inherited parent component 'Scene' for 'StaticMesh' in BlueprintGeneratedClass 'REINST_Bergwerk_C_48' (it may have been removed)
[2015.05.31-10.28.51:177][  0]LogBlueprint:Warning: USimpleConstructionScript::FixupRootNodeParentReferences() - Couldn't find inherited parent component 'Scene' for 'Scene_0' in BlueprintGeneratedClass 'REINST_Bergwerk_C_48' (it may have been removed)
[2015.05.31-10.28.53:050][  0]LoadErrors:Error: Error Failed import for SceneComponent
[2015.05.31-10.28.53:686][  0]LogBlueprint:Warning: USimpleConstructionScript::FixupRootNodeParentReferences() - Couldn't find inherited parent component 'Scene' for 'StaticMesh' in BlueprintGeneratedClass 'Bergwerk_C' (it may have been removed)
[2015.05.31-10.28.53:686][  0]LogBlueprint:Warning: USimpleConstructionScript::FixupRootNodeParentReferences() - Couldn't find inherited parent component 'Scene' for 'Scene_0' in BlueprintGeneratedClass 'Bergwerk_C' (it may have been removed)
[2015.05.31-10.28.53:955][  0]LogStaticMesh: Building static mesh Laubbaum...
[2015.05.31-10.28.54:015][  0]LogStaticMesh: Built static mesh [60.323849ms] /Game/FirstPersonBP/Meshes/Laubbaum.Laubbaum
[2015.05.31-10.28.54:128][  0]LogStaticMesh: Building static mesh Nadelbaum...
[2015.05.31-10.28.54:190][  0]LogStaticMesh: Built static mesh [63.016994ms] /Game/FirstPersonBP/Meshes/Nadelbaum.Nadelbaum
[2015.05.31-10.28.55:194][  0]LogEditorServer: Finished looking for orphan Actors (0.000 secs)
[2015.05.31-10.28.58:372][  0]LogAIModule: Creating AISystem for world FirstPersonExampleMap
[2015.05.31-10.28.58:387][  0]Cmd: MAP CHECKDEP
[2015.05.31-10.28.58:400][  0]MapCheck: New page: FirstPersonExampleMap - May 31, 2015, 2:28:58 PM
[2015.05.31-10.28.58:641][  0]MapCheck: Info Map check complete: 0 Error(s), 0 Warning(s), took 253.186ms to complete.
[2015.05.31-10.28.58:641][  0]LogFileHelpers: Loading map 'FirstPersonExampleMap' took 11.005
[2015.05.31-10.29.00:163][  0]LogStats:Warning: MetaData mismatch. Did you assign a stat to two groups? New //STATGROUP_Threads//SplashScreenThread///Thread_e34_0///////STATCAT_Advanced//// old //STATGROUP_Threads//SplashScreenThread///Thread_16a8_0///////STATCAT_Advanced////
[2015.05.31-10.29.00:163][  0]LogCollectionManager: Loaded 0 collections in 0.004828 seconds
[2015.05.31-10.29.00:228][  0]LogContentBrowser: Native class hierarchy populated in 0.0514 seconds. Added 1696 classes and 261 folders.
[2015.05.31-10.29.00:465][  0]LogContentBrowser: Native class hierarchy updated for 'SceneOutliner' in 0.0061 seconds. Added 1 classes and 2 folders.
[2015.05.31-10.29.01:082][  0]LogCrashTracker: Crashtracker disabled due to settings.
[2015.05.31-10.29.01:109][  0]LogSlate:Warning: Failed to load font data from 'Veranda'
[2015.05.31-10.29.01:162][  0]LogUObjectGlobals:Warning: Failed to find object 'Class None.'
[2015.05.31-10.29.01:278][  0]LogLoad: Full Startup: 406.72 seconds (BP compile: 2.03 seconds)
[2015.05.31-10.29.01:423][  0]LogContentBrowser:Verbose: The content browser source was changed by the sources view to '/Game/FirstPersonBP/Blueprints'
[2015.05.31-10.29.02:515][  0]LogRenderer:Warning: Reallocating scene render targets to support 32x32 (Frame:2).
[2015.05.31-10.29.03:496][  0]LogRenderer:Warning: Reallocating scene render targets to support 1208x576 (Frame:3).
[2015.05.31-10.29.08:880][ 13]LogAssetRegistry: Asset discovery search completed in 317.6899 seconds
[2015.05.31-10.30.49:792][256]LogContentBrowser:Verbose: The content browser source was changed by the sources view to '/Game/FirstPersonBP/Meshes'
[2015.05.31-10.32.09:123][165]LogActorFactory: Actor Factory created Laubbaum
[2015.05.31-10.32.15:146][341]LogActorFactory: Actor Factory created Nadelbaum
[2015.05.31-10.39.11:607][879]LogSavePackage: Save=7930.455078ms
[2015.05.31-10.39.11:608][879]LogSavePackage: Moving '../../../../../Project1/Project1/Saved/FirstPersonExampleMap_Auto14DF50BC14E8645DEB10F4796222255FA.tmp' to '../../../../../Project1/Project1/Saved/Autosaves/Game/FirstPersonBP/Maps/FirstPersonExampleMap_Auto1.umap'
[2015.05.31-10.39.11:696][879]LogFileHelpers: Editor autosave (incl. sublevels) for '/Game/FirstPersonBP/Maps/FirstPersonExampleMap' took 9.433
[2015.05.31-10.39.11:696][879]LogFileHelpers: Editor autosave (incl. sublevels) for all levels took 9.433
[2015.05.31-10.44.14:448][821]LogEditorViewport: Clicking on Actor (context menu): LaubBaum_BP_C (LaubBaum_BP6)
[2015.05.31-10.44.16:398][859]LogEditorViewport: Clicking on Actor (context menu): NadelBaum_BP_C (NadelBaum_BP4)
[2015.05.31-10.44.16:922][871]LogEditorViewport: Clicking on Actor (context menu): LaubBaum_BP_C (LaubBaum_BP3)
[2015.05.31-10.44.19:031][958]LogEditorViewport: Clicking on Actor (LMB): NadelBaum_BP_C (NadelBaum_BP11)
[2015.05.31-10.45.07:300][142]LogD3D11RHI:Warning: Temp texture streaming buffer not large enough, needed 8388608 bytes
[2015.05.31-10.45.20:890][468]LogPlayLevel: PIE:  No blueprints needed recompiling
[2015.05.31-10.45.20:947][468]PIE: New page: PIE session: FirstPersonExampleMap (May 31, 2015, 2:45:20 PM)
[2015.05.31-10.45.21:112][468]LogPlayLevel: PIE: StaticDuplicateObject took: (0.163806s)
[2015.05.31-10.45.21:114][468]LogPlayLevel: PIE: World Init took: (0.001484s)
[2015.05.31-10.45.21:114][468]LogPlayLevel: PIE: Created PIE world by copying editor world from /Game/FirstPersonBP/Maps/FirstPersonExampleMap.FirstPersonExampleMap to /Game/FirstPersonBP/Maps/UEDPIE_0_FirstPersonExampleMap.FirstPersonExampleMap (0.166070s)
[2015.05.31-10.45.21:676][468]LogWorld: Game class is 'FirstPersonGameMode_C'
[2015.05.31-10.45.21:922][468]LogAIModule: Creating AISystem for world FirstPersonExampleMap
[2015.05.31-10.45.21:974][468]LogWorld: Bringing World /Game/FirstPersonBP/Maps/UEDPIE_0_FirstPersonExampleMap.FirstPersonExampleMap up for play (max tick rate 0) at 2015.05.31-12.45.21
[2015.05.31-10.45.22:145][468]LogWorld: Bringing up level for play took: 0.221553
[2015.05.31-10.45.22:346][468]PIE: Info Play in editor start time for /Game/FirstPersonBP/Maps/UEDPIE_0_FirstPersonExampleMap 1.817
[2015.05.31-10.48.38:910][301]LogParticles: Destroying 0 GPU particle simulations for FXSystem 0x000000000325E520
[2015.05.31-13.06.05:868][164]LogEditorViewport: Clicking on Actor (context menu): StaticMeshActor (Floor2)
[2015.05.31-13.06.15:715][211]LogEditorViewport: Clicking on Actor (context menu): StaticMeshActor (Floor2)
[2015.05.31-13.06.17:560][234]LogEditorViewport: Clicking on Actor (LMB): StaticMeshActor (Floor2)
[2015.05.31-13.07.13:191][399]LogD3D11RHI:Warning: Temp texture streaming buffer not large enough, needed 8388608 bytes
[2015.05.31-13.10.47:622][ 37]Cmd: QUIT_EDITOR
[2015.05.31-13.10.49:847][ 37]LogExit: Preparing to exit.
[2015.05.31-13.10.52:969][ 37]LogExit: Editor shut down
[2015.05.31-13.10.52:997][ 37]LogExit: Transaction tracking system shut down
[2015.05.31-13.10.53:029][ 37]LogParticles: Destroying 0 GPU particle simulations for FXSystem 0x000000001C61F600
[2015.05.31-13.10.53:030][ 37]LogParticles: Destroying 0 GPU particle simulations for FXSystem 0x000000000DB38B80
[2015.05.31-13.10.53:030][ 37]LogParticles: Destroying 0 GPU particle simulations for FXSystem 0x000000000B529E40
[2015.05.31-13.10.53:031][ 37]LogParticles: Destroying 0 GPU particle simulations for FXSystem 0x00000000066C7A60
[2015.05.31-13.10.53:031][ 37]LogParticles: Destroying 0 GPU particle simulations for FXSystem 0x0000000015D0AA20
[2015.05.31-13.11.01:941][ 37]LogExit: Object subsystem successfully closed.
[2015.05.31-13.11.06:180][ 37]LogModuleManager: Shutting down and abandoning module CrashTracker (177)
[2015.05.31-13.11.06:199][ 37]LogModuleManager: Shutting down and abandoning module SuperSearch (176)
[2015.05.31-13.11.06:199][ 37]LogModuleManager: Shutting down and abandoning module SceneOutliner (175)
[2015.05.31-13.11.06:199][ 37]LogModuleManager: Shutting down and abandoning module EditorWidgets (174)
[2015.05.31-13.11.06:199][ 37]LogModuleManager: Shutting down and abandoning module CollectionManager (173)
[2015.05.31-13.11.06:210][ 37]LogModuleManager: Shutting down and abandoning module StatsViewer (172)
[2015.05.31-13.11.06:254][ 37]LogModuleManager: Shutting down and abandoning module FoliageEdit (171)
[2015.05.31-13.11.06:272][ 37]LogModuleManager: Shutting down and abandoning module LandscapeEditor (170)
[2015.05.31-13.11.06:325][ 37]LogModuleManager: Shutting down and abandoning module MeshPaint (169)
[2015.05.31-13.11.06:326][ 37]LogModuleManager: Shutting down and abandoning module ActorPickerMode (168)
[2015.05.31-13.11.06:326][ 37]LogModuleManager: Shutting down and abandoning module GeometryMode (167)
[2015.05.31-13.11.06:326][ 37]LogModuleManager: Shutting down and abandoning module TextureAlignMode (166)
[2015.05.31-13.11.06:326][ 37]LogModuleManager: Shutting down and abandoning module BspMode (165)
[2015.05.31-13.11.06:326][ 37]LogModuleManager: Shutting down and abandoning module PlacementMode (164)
[2015.05.31-13.11.06:326][ 37]LogModuleManager: Shutting down and abandoning module AutomationWorker (163)
[2015.05.31-13.11.06:345][ 37]LogModuleManager: Shutting down and abandoning module CharacterAI (162)
[2015.05.31-13.11.06:345][ 37]LogModuleManager: Shutting down and abandoning module SmartSnapping (161)
[2015.05.31-13.11.06:346][ 37]LogModuleManager: Shutting down and abandoning module ViewportSnapping (160)
[2015.05.31-13.11.06:360][ 37]LogModuleManager: Shutting down and abandoning module LogVisualizer (159)
[2015.05.31-13.11.06:503][ 37]LogModuleManager: Shutting down and abandoning module GameProjectGeneration (158)
[2015.05.31-13.11.06:538][ 37]LogModuleManager: Shutting down and abandoning module IntroTutorials (157)
[2015.05.31-13.11.06:637][ 37]LogModuleManager: Shutting down and abandoning module EditorLiveStreaming (156)
[2015.05.31-13.11.06:656][ 37]LogModuleManager: Shutting down and abandoning module HardwareTargeting (155)
[2015.05.31-13.11.06:656][ 37]LogModuleManager: Shutting down and abandoning module DeviceProfileEditor (154)
[2015.05.31-13.11.06:674][ 37]LogModuleManager: Shutting down and abandoning module UndoHistory (153)
[2015.05.31-13.11.06:686][ 37]LogModuleManager: Shutting down and abandoning module GameplayTagsEditor (152)
[2015.05.31-13.11.06:686][ 37]LogModuleManager: Shutting down and abandoning module UserFeedback (151)
[2015.05.31-13.11.06:686][ 37]LogModuleManager: Shutting down and abandoning module XmlParser (150)
[2015.05.31-13.11.06:699][ 37]LogModuleManager: Shutting down and abandoning module Blutility (149)
[2015.05.31-13.11.06:699][ 37]LogModuleManager: Shutting down and abandoning module IOSPlatformEditor (148)
[2015.05.31-13.11.06:713][ 37]LogModuleManager: Shutting down and abandoning module IOSRuntimeSettings (147)
[2015.05.31-13.11.06:713][ 37]LogModuleManager: Shutting down and abandoning module AndroidDeviceDetection (146)
[2015.05.31-13.11.06:823][ 37]LogModuleManager: Shutting down and abandoning module AndroidPlatformEditor (145)
[2015.05.31-13.11.06:823][ 37]LogModuleManager: Shutting down and abandoning module AndroidRuntimeSettings (144)
[2015.05.31-13.11.06:823][ 37]LogModuleManager: Shutting down and abandoning module ProjectTargetPlatformEditor (143)
[2015.05.31-13.11.06:855][ 37]LogModuleManager: Shutting down and abandoning module ProjectSettingsViewer (142)
[2015.05.31-13.11.06:855][ 37]LogModuleManager: Shutting down and abandoning module InputBindingEditor (141)
[2015.05.31-13.11.06:933][ 37]LogModuleManager: Shutting down and abandoning module EditorSettingsViewer (140)
[2015.05.31-13.11.06:963][ 37]LogModuleManager: Shutting down and abandoning module SettingsEditor (139)
[2015.05.31-13.11.06:994][ 37]LogModuleManager: Shutting down and abandoning module ProjectLauncher (138)
[2015.05.31-13.11.07:015][ 37]LogModuleManager: Shutting down and abandoning module SessionFrontend (137)
[2015.05.31-13.11.07:078][ 37]LogModuleManager: Shutting down and abandoning module ProfilerClient (136)
[2015.05.31-13.11.07:103][ 37]LogModuleManager: Shutting down and abandoning module TargetDeviceServices (135)
[2015.05.31-13.11.07:103][ 37]LogModuleManager: Shutting down and abandoning module DeviceManager (134)
[2015.05.31-13.11.07:142][ 37]LogModuleManager: Shutting down and abandoning module AutomationController (133)
[2015.05.31-13.11.07:165][ 37]LogModuleManager: Shutting down and abandoning module AutomationWindow (132)
[2015.05.31-13.11.07:184][ 37]LogModuleManager: Shutting down and abandoning module Layers (131)
[2015.05.31-13.11.07:207][ 37]LogModuleManager: Shutting down and abandoning module ComponentVisualizers (130)
[2015.05.31-13.11.07:207][ 37]LogModuleManager: Shutting down and abandoning module DetailCustomizations (129)
[2015.05.31-13.11.07:207][ 37]LogModuleManager: Shutting down and abandoning module PackagesDialog (128)
[2015.05.31-13.11.07:229][ 37]LogModuleManager: Shutting down and abandoning module AssetRegistry (127)
[2015.05.31-13.11.07:804][ 37]LogModuleManager: Shutting down and abandoning module Persona (126)
[2015.05.31-13.11.07:849][ 37]LogModuleManager: Shutting down and abandoning module SlateReflector (125)
[2015.05.31-13.11.07:859][ 37]LogModuleManager: Shutting down and abandoning module LevelEditor (124)
[2015.05.31-13.11.07:964][ 37]LogModuleManager: Shutting down and abandoning module Kismet (123)
[2015.05.31-13.11.07:980][ 37]LogModuleManager: Shutting down and abandoning module GraphEditor (122)
[2015.05.31-13.11.08:049][ 37]LogModuleManager: Shutting down and abandoning module ClassViewer (121)
[2015.05.31-13.11.08:070][ 37]LogModuleManager: Shutting down and abandoning module Toolbox (120)
[2015.05.31-13.11.08:070][ 37]LogModuleManager: Shutting down and abandoning module ModuleUI (119)
[2015.05.31-13.11.08:081][ 37]LogModuleManager: Shutting down and abandoning module MovieSceneTools (118)
[2015.05.31-13.11.08:140][ 37]LogModuleManager: Shutting down and abandoning module OutputLog (117)
[2015.05.31-13.11.08:154][ 37]LogModuleManager: Shutting down and abandoning module GammaUI (116)
[2015.05.31-13.11.08:184][ 37]LogModuleManager: Shutting down and abandoning module Documentation (115)
[2015.05.31-13.11.08:202][ 37]LogModuleManager: Shutting down and abandoning module GameLiveStreaming (114)
[2015.05.31-13.11.08:218][ 37]LogModuleManager: Shutting down and abandoning module StreamingPauseRendering (113)
[2015.05.31-13.11.08:231][ 37]LogModuleManager: Shutting down and abandoning module HTTP (112)
[2015.05.31-13.11.08:241][ 37]LogModuleManager: Shutting down and abandoning module AnalyticsET (111)
[2015.05.31-13.11.08:241][ 37]LogModuleManager: Shutting down and abandoning module Analytics (110)
[2015.05.31-13.11.08:241][ 37]LogModuleManager: Shutting down and abandoning module AITestSuite (109)
[2015.05.31-13.11.08:251][ 37]LogModuleManager: Shutting down and abandoning module GameplayDebugger (108)
[2015.05.31-13.11.08:266][ 37]LogModuleManager: Shutting down and abandoning module AIModule (107)
[2015.05.31-13.11.08:288][ 37]LogModuleManager: Shutting down and abandoning module ProfilerService (106)
[2015.05.31-13.11.08:442][ 37]LogModuleManager: Shutting down and abandoning module TaskGraph (105)
[2015.05.31-13.11.08:455][ 37]LogModuleManager: Shutting down and abandoning module SlateRemote (104)
[2015.05.31-13.11.08:462][ 37]LogModuleManager: Shutting down and abandoning module ScriptEditorPlugin (103)
[2015.05.31-13.11.08:463][ 37]LogModuleManager: Shutting down and abandoning module CustomMeshComponent (102)
[2015.05.31-13.11.08:463][ 37]LogModuleManager: Shutting down and abandoning module CableComponent (101)
[2015.05.31-13.11.08:463][ 37]LogModuleManager: Shutting down and abandoning module MessagingDebugger (100)
[2015.05.31-13.11.08:512][ 37]LogModuleManager: Shutting down and abandoning module MediaPlayerEditor (99)
[2015.05.31-13.11.08:531][ 37]LogModuleManager: Shutting down and abandoning module SpeedTreeImporter (98)
[2015.05.31-13.11.08:531][ 37]LogModuleManager: Shutting down and abandoning module PluginsEditor (97)
[2015.05.31-13.11.08:560][ 37]LogModuleManager: Shutting down and abandoning module MainFrame (96)
[2015.05.31-13.11.08:576][ 37]LogModuleManager: Shutting down and abandoning module EpicSurvey (95)
[2015.05.31-13.11.08:606][ 37]LogModuleManager: Shutting down and abandoning module DesktopPlatform (94)
[2015.05.31-13.11.08:646][ 37]LogModuleManager: Shutting down and abandoning module DirectoryWatcher (93)
[2015.05.31-13.11.08:710][ 37]LogModuleManager: Shutting down and abandoning module HotReload (92)
[2015.05.31-13.11.08:726][ 37]LogModuleManager: Shutting down and abandoning module VisualStudioSourceCodeAccess (91)
[2015.05.31-13.11.08:747][ 37]LogModuleManager: Shutting down and abandoning module UObjectPlugin (90)
[2015.05.31-13.11.08:747][ 37]LogModuleManager: Shutting down and abandoning module SubversionSourceControl (89)
[2015.05.31-13.11.08:774][ 37]LogModuleManager: Shutting down and abandoning module PerforceSourceControl (88)
[2015.05.31-13.11.08:831][ 37]LogModuleManager: Shutting down and abandoning module SourceControl (87)
[2015.05.31-13.11.08:890][ 37]LogModuleManager: Shutting down and abandoning module GitSourceControl (86)
[2015.05.31-13.11.08:905][ 37]LogModuleManager: Shutting down and abandoning module BlankPlugin (85)
[2015.05.31-13.11.08:905][ 37]LogModuleManager: Shutting down and abandoning module PaperTiledImporter (84)
[2015.05.31-13.11.08:905][ 37]LogModuleManager: Shutting down and abandoning module PaperJsonImporter (83)
[2015.05.31-13.11.08:905][ 37]LogModuleManager: Shutting down and abandoning module ContentBrowser (82)
[2015.05.31-13.11.08:907][ 37]LogModuleManager: Shutting down and abandoning module Paper2DEditor (81)
[2015.05.31-13.11.08:971][ 37]LogModuleManager: Shutting down and abandoning module ScriptPlugin (80)
[2015.05.31-13.11.08:983][ 37]LogModuleManager: Shutting down and abandoning module UdpMessaging (79)
[2015.05.31-13.11.09:100][ 37]LogModuleManager: Shutting down and abandoning module Paper2D (78)
[2015.05.31-13.11.09:118][ 37]LogModuleManager: Shutting down and abandoning module WindowsMoviePlayer (77)
[2015.05.31-13.11.09:216][ 37]LogModuleManager: Shutting down and abandoning module Media (76)
[2015.05.31-13.11.09:216][ 37]LogModuleManager: Shutting down and abandoning module WmfMedia (75)
[2015.05.31-13.11.09:287][ 37]LogModuleManager: Shutting down and abandoning module OnlineBlueprintSupport (74)
[2015.05.31-13.11.09:287][ 37]LogModuleManager: Shutting down and abandoning module PropertyEditor (73)
[2015.05.31-13.11.09:328][ 37]LogModuleManager: Shutting down and abandoning module BehaviorTreeEditor (72)
[2015.05.31-13.11.09:363][ 37]LogModuleManager: Shutting down and abandoning module FunctionalTesting (71)
[2015.05.31-13.11.09:381][ 37]LogModuleManager: Shutting down and abandoning module CollisionAnalyzer (70)
[2015.05.31-13.11.09:411][ 37]LogModuleManager: Shutting down and abandoning module WorkspaceMenuStructure (69)
[2015.05.31-13.11.09:511][ 37]LogModuleManager: Shutting down and abandoning module MessageLog (68)
[2015.05.31-13.11.09:524][ 37]LogModuleManager: Shutting down and abandoning module Sequencer (67)
[2015.05.31-13.11.09:578][ 37]LogModuleManager: Shutting down and abandoning module AssetTools (66)
[2015.05.31-13.11.09:624][ 37]LogModuleManager: Shutting down and abandoning module UMGEditor (65)
[2015.05.31-13.11.09:645][ 37]LogModuleManager: Shutting down and abandoning module UMG (64)
[2015.05.31-13.11.09:695][ 37]LogModuleManager: Shutting down and abandoning module Slate (63)
[2015.05.31-13.11.09:695][ 37]LogModuleManager: Shutting down and abandoning module EditorStyle (62)
[2015.05.31-13.11.09:911][ 37]LogModuleManager: Shutting down and abandoning module SessionServices (61)
[2015.05.31-13.11.09:911][ 37]LogModuleManager: Shutting down and abandoning module SourceCodeAccess (60)
[2015.05.31-13.11.09:911][ 37]LogModuleManager: Shutting down and abandoning module HeadMountedDisplay (59)
[2015.05.31-13.11.09:921][ 37]LogModuleManager: Shutting down and abandoning module XAudio2 (58)
[2015.05.31-13.11.09:921][ 37]LogModuleManager: Shutting down and abandoning module Networking (56)
[2015.05.31-13.11.09:928][ 37]LogModuleManager: Shutting down and abandoning module Core (55)
[2015.05.31-13.11.09:928][ 37]LogModuleManager: Shutting down and abandoning module KismetCompiler (54)
[2015.05.31-13.11.09:950][ 37]LogModuleManager: Shutting down and abandoning module PhysXFormats (53)
[2015.05.31-13.11.09:969][ 37]LogModuleManager: Shutting down and abandoning module MeshUtilities (52)
[2015.05.31-13.11.09:993][ 37]LogModuleManager: Shutting down and abandoning module DerivedDataCache (51)
[2015.05.31-13.11.10:065][ 37]LogDerivedDataCache: Shutdown
[2015.05.31-13.11.10:065][ 37]LogModuleManager: Shutting down and abandoning module ShaderFormatOpenGL (50)
[2015.05.31-13.11.10:077][ 37]LogModuleManager: Shutting down and abandoning module ShaderFormatD3D (49)
[2015.05.31-13.11.10:093][ 37]LogModuleManager: Shutting down and abandoning module MetalShaderFormat (48)
[2015.05.31-13.11.10:106][ 37]LogModuleManager: Shutting down and abandoning module TextureFormatUncompressed (47)
[2015.05.31-13.11.10:106][ 37]LogModuleManager: Shutting down and abandoning module TextureFormatPVR (46)
[2015.05.31-13.11.10:106][ 37]LogModuleManager: Shutting down and abandoning module TextureFormatIntelISPCTexComp (45)
[2015.05.31-13.11.10:106][ 37]LogModuleManager: Shutting down and abandoning module TextureFormatDXT (44)
[2015.05.31-13.11.10:119][ 37]LogModuleManager: Shutting down and abandoning module ImageWrapper (43)
[2015.05.31-13.11.10:119][ 37]LogModuleManager: Shutting down and abandoning module TextureFormatASTC (42)
[2015.05.31-13.11.10:119][ 37]LogModuleManager: Shutting down and abandoning module TextureFormatAndroid (41)
[2015.05.31-13.11.10:131][ 37]LogModuleManager: Shutting down and abandoning module AudioFormatOpus (40)
[2015.05.31-13.11.10:131][ 37]LogModuleManager: Shutting down and abandoning module AudioFormatOgg (39)
[2015.05.31-13.11.10:151][ 37]LogModuleManager: Shutting down and abandoning module AudioFormatADPCM (38)
[2015.05.31-13.11.10:151][ 37]LogModuleManager: Shutting down and abandoning module LinuxTargetPlatform (37)
[2015.05.31-13.11.10:151][ 37]LogModuleManager: Shutting down and abandoning module LinuxServerTargetPlatform (36)
[2015.05.31-13.11.10:151][ 37]LogModuleManager: Shutting down and abandoning module LinuxNoEditorTargetPlatform (35)
[2015.05.31-13.11.10:151][ 37]LogModuleManager: Shutting down and abandoning module Messaging (34)
[2015.05.31-13.11.10:151][ 37]LogModuleManager: Shutting down and abandoning module IOSTargetPlatform (33)
[2015.05.31-13.11.10:163][ 37]LogModuleManager: Shutting down and abandoning module HTML5TargetPlatform (32)
[2015.05.31-13.11.10:163][ 37]LogModuleManager: Shutting down and abandoning module Android_PVRTCTargetPlatform (31)
[2015.05.31-13.11.10:163][ 37]LogModuleManager: Shutting down and abandoning module Android_ETC2TargetPlatform (30)
[2015.05.31-13.11.10:164][ 37]LogModuleManager: Shutting down and abandoning module Android_ETC1TargetPlatform (29)
[2015.05.31-13.11.10:164][ 37]LogModuleManager: Shutting down and abandoning module Android_ES31TargetPlatform (28)
[2015.05.31-13.11.10:164][ 37]LogModuleManager: Shutting down and abandoning module Android_DXTTargetPlatform (27)
[2015.05.31-13.11.10:164][ 37]LogModuleManager: Shutting down and abandoning module Android_ATCTargetPlatform (26)
[2015.05.31-13.11.10:164][ 37]LogModuleManager: Shutting down and abandoning module AndroidTargetPlatform (25)
[2015.05.31-13.11.10:164][ 37]LogModuleManager: Shutting down and abandoning module WindowsTargetPlatform (24)
[2015.05.31-13.11.10:164][ 37]LogModuleManager: Shutting down and abandoning module WindowsServerTargetPlatform (23)
[2015.05.31-13.11.10:164][ 37]LogModuleManager: Shutting down and abandoning module WindowsNoEditorTargetPlatform (22)
[2015.05.31-13.11.10:164][ 37]LogModuleManager: Shutting down and abandoning module WindowsClientTargetPlatform (21)
[2015.05.31-13.11.10:164][ 37]LogModuleManager: Shutting down and abandoning module TargetPlatform (20)
[2015.05.31-13.11.10:177][ 37]LogModuleManager: Shutting down and abandoning module InputCore (19)
[2015.05.31-13.11.10:177][ 37]LogModuleManager: Shutting down and abandoning module Settings (18)
[2015.05.31-13.11.10:196][ 37]LogModuleManager: Shutting down and abandoning module OnlineSubsystem (16)
[2015.05.31-13.11.10:196][ 37]LogModuleManager: Shutting down and abandoning module OculusRift (15)
[2015.05.31-13.11.10:203][ 37]LogModuleManager: Shutting down and abandoning module ExampleDeviceProfileSelector (14)
[2015.05.31-13.11.10:203][ 37]LogModuleManager: Shutting down and abandoning module TextureCompressor (13)
[2015.05.31-13.11.10:264][ 37]LogModuleManager: Shutting down and abandoning module ShaderCore (12)
[2015.05.31-13.11.10:264][ 37]LogModuleManager: Shutting down and abandoning module Landscape (11)
[2015.05.31-13.11.10:286][ 37]LogModuleManager: Shutting down and abandoning module SlateRHIRenderer (10)
[2015.05.31-13.11.10:354][ 37]LogModuleManager: Shutting down and abandoning module OpenGLDrv (9)
[2015.05.31-13.11.10:369][ 37]LogModuleManager: Shutting down and abandoning module D3D11RHI (8)
[2015.05.31-13.11.10:369][ 37]LogModuleManager: Shutting down and abandoning module Renderer (7)
[2015.05.31-13.11.10:369][ 37]LogModuleManager: Shutting down and abandoning module Engine (6)
[2015.05.31-13.11.10:369][ 37]LogModuleManager: Shutting down and abandoning module CoreUObject (5)
[2015.05.31-13.11.10:369][ 37]LogModuleManager: Shutting down and abandoning module NetworkFile (4)
[2015.05.31-13.11.10:396][ 37]LogModuleManager: Shutting down and abandoning module StreamingFile (3)
[2015.05.31-13.11.10:408][ 37]LogModuleManager: Shutting down and abandoning module SandboxFile (2)
[2015.05.31-13.11.10:408][ 37]LogModuleManager: Shutting down and abandoning module PakFile (1)
[2015.05.31-13.11.10:446][ 37]LogExit: Exiting.
[2015.05.31-13.11.10:658][ 37]Log file closed, 05/31/15 15:11:10
>>>>>>> origin/master
